
Sat Oct  7 00:58:01 KST 2017
Sat Oct  7 00:59:01 KST 2017
Sat Oct  7 01:00:01 KST 2017
035420 NAVER
112040 위메이드
005710 대원산업
091990 셀트리온헬스케어
005930 삼성전자
000660 SK하이닉스
097230 한진중공업
010950 S-Oil
010955 S-Oil우
068270 셀트리온
245340 TIGER 미국다우존스30
032040 C&S;자산관리
008560 메리츠종금증권
139480 이마트
119860 다나와
012620 원일특강
009830 한화케미칼
073240 금호타이어
191600 티케이씨
028300 에이치엘비
095610 테스
008770 호텔신라
036690 코맥스
196450 텔루스
047810 한국항공우주
010060 OCI
065450 빅텍
017650 대림제지
051900 LG생활건강
018880 한온시스템
Sat Oct  7 01:01:01 KST 2017
http://finance.naver.com/item/sise_day.nhn 000660
http://finance.naver.com/item/sise_day.nhn?code=000660&page=1
2017.09.29 82,900 83,300 84,300 82,200 3,546,960
2017.09.28 83,200 84,500 85,500 82,500 4,817,018
2017.09.27 82,400 83,100 83,800 81,400 5,029,200
2017.09.26 82,100 84,100 85,100 81,000 11,035,272
2017.09.25 86,300 83,600 86,300 83,600 4,656,285
2017.09.22 83,100 82,900 84,300 82,000 5,970,218
2017.09.21 83,100 81,100 83,400 80,400 6,961,713
2017.09.20 80,700 79,300 81,200 78,400 5,268,665
2017.09.19 79,200 80,100 80,500 78,500 3,934,389
2017.09.18 79,700 78,200 80,000 77,700 3,638,325
http://finance.naver.com/item/sise_day.nhn 018260
http://finance.naver.com/item/sise_day.nhn?code=018260&page=1
2017.09.29 168,500 164,500 168,500 163,500 60,332
2017.09.28 164,000 165,500 168,000 162,000 67,564
2017.09.27 167,500 168,500 169,500 166,500 37,906
2017.09.26 170,000 168,000 170,000 165,000 70,092
2017.09.25 165,500 167,500 170,000 165,500 67,326
2017.09.22 168,000 166,000 170,000 166,000 64,157
2017.09.21 167,500 170,500 171,500 167,500 76,853
2017.09.20 171,500 175,000 176,000 170,500 95,742
2017.09.19 175,000 172,500 175,500 172,000 95,983
2017.09.18 172,500 174,500 175,000 172,000 86,462
http://finance.naver.com/item/sise_day.nhn 034940
http://finance.naver.com/item/sise_day.nhn?code=034940&page=1
2017.09.29 4,370 4,330 4,420 4,310 99,678
2017.09.28 4,305 4,360 4,385 4,300 79,613
2017.09.27 4,350 4,235 4,435 4,235 135,026
2017.09.26 4,225 4,110 4,340 4,110 193,567
2017.09.25 4,225 4,305 4,420 4,225 327,691
2017.09.22 4,425 4,615 4,615 4,415 373,746
2017.09.21 4,585 4,670 4,715 4,580 351,876
2017.09.20 4,720 4,685 4,860 4,670 839,448
2017.09.19 4,650 4,650 4,700 4,630 164,758
2017.09.18 4,650 4,565 4,665 4,565 157,488
http://finance.naver.com/item/sise_day.nhn 046890
http://finance.naver.com/item/sise_day.nhn?code=046890&page=1
2017.09.29 25,100 24,700 25,100 24,550 535,793
2017.09.28 24,750 25,350 25,400 24,650 428,783
2017.09.27 24,950 25,200 25,300 24,500 771,732
2017.09.26 25,100 25,150 25,700 25,100 834,325
2017.09.25 25,400 24,500 25,600 24,450 1,462,232
2017.09.22 24,600 24,500 24,950 24,100 815,405
2017.09.21 24,550 24,850 24,900 24,150 858,435
2017.09.20 24,850 23,600 25,000 23,550 2,641,207
2017.09.19 23,200 23,550 23,600 23,000 452,008
2017.09.18 23,450 23,600 23,850 23,200 564,992
http://finance.naver.com/item/sise_day.nhn 011200
http://finance.naver.com/item/sise_day.nhn?code=011200&page=1
2017.09.29 8,250 8,260 8,330 8,210 311,565
2017.09.28 8,240 8,350 8,380 8,230 334,568
2017.09.27 8,350 8,440 8,470 8,300 328,674
2017.09.26 8,400 8,170 8,410 8,130 658,125
2017.09.25 8,200 8,380 8,380 8,150 777,184
2017.09.22 8,380 8,620 8,620 8,350 870,808
2017.09.21 8,600 8,650 8,690 8,410 759,526
2017.09.20 8,660 8,680 8,800 8,640 604,291
2017.09.19 8,700 8,740 8,810 8,620 947,583
2017.09.18 8,740 8,990 8,990 8,720 1,414,465
http://finance.naver.com/item/sise_day.nhn 035420
http://finance.naver.com/item/sise_day.nhn?code=035420&page=1
2017.09.29 745,000 733,000 749,000 733,000 52,796
2017.09.28 733,000 730,000 745,000 730,000 108,761
2017.09.27 734,000 750,000 752,000 734,000 92,054
2017.09.26 753,000 746,000 755,000 736,000 75,843
2017.09.25 754,000 760,000 763,000 749,000 73,864
2017.09.22 764,000 765,000 775,000 755,000 64,961
2017.09.21 763,000 777,000 781,000 760,000 67,757
2017.09.20 783,000 774,000 787,000 767,000 86,367
2017.09.19 770,000 775,000 777,000 764,000 73,974
2017.09.18 781,000 762,000 786,000 761,000 122,896
http://finance.naver.com/item/sise_day.nhn 168330
http://finance.naver.com/item/sise_day.nhn?code=168330&page=1
2017.09.29 24,200 25,000 25,500 23,500 652,047
2017.09.28 25,250 26,300 26,400 25,200 330,630
2017.09.27 26,000 25,850 26,500 25,650 292,227
2017.09.26 25,950 26,500 27,500 25,550 428,681
2017.09.25 26,250 27,100 27,550 26,200 362,522
2017.09.22 27,250 28,300 28,300 27,050 436,331
2017.09.21 28,350 27,850 29,100 27,000 688,412
2017.09.20 27,600 28,500 29,000 27,500 700,984
2017.09.19 28,100 26,300 31,400 26,050 3,297,570
2017.09.18 26,500 26,150 27,050 25,550 564,134
http://financSat Oct  7 01:02:01 KST 2017
e.naver.com/item/sise_day.nhn 015760
http://finance.naver.com/item/sise_day.nhn?code=015760&page=1
2017.09.29 39,000 38,350 39,000 38,100 798,568
2017.09.28 38,350 38,000 38,400 37,900 881,927
2017.09.27 38,200 38,500 38,650 38,050 844,429
2017.09.26 38,500 38,000 38,650 37,950 1,249,960
2017.09.25 38,400 39,100 39,150 38,000 1,626,009
2017.09.22 39,150 39,400 39,650 39,100 1,019,310
2017.09.21 39,250 39,400 39,800 39,200 1,010,946
2017.09.20 39,350 40,100 40,150 39,100 2,067,995
2017.09.19 40,150 40,850 40,950 40,100 2,322,046
2017.09.18 41,150 41,300 41,850 41,100 992,033
http://finance.naver.com/item/sise_day.nhn 067160
http://finance.naver.com/item/sise_day.nhn?code=067160&page=1
2017.09.29 20,350 20,150 20,400 19,950 21,324
2017.09.28 20,100 20,350 20,400 19,850 22,448
2017.09.27 20,100 19,700 20,200 19,700 20,328
2017.09.26 19,850 19,400 19,950 19,400 28,564
2017.09.25 19,800 20,350 20,550 19,350 98,418
2017.09.22 20,350 20,200 20,600 19,900 75,509
2017.09.21 20,250 20,500 20,700 20,200 76,018
2017.09.20 20,650 20,650 20,850 20,450 52,397
2017.09.19 20,650 20,800 21,050 20,600 56,602
2017.09.18 20,800 21,100 21,500 20,700 67,675
http://finance.naver.com/item/sise_day.nhn 005930
http://finance.naver.com/item/sise_day.nhn?code=005930&page=1
2017.09.29 2,564,000 2,559,000 2,581,000 2,542,000 233,671
2017.09.28 2,563,000 2,613,000 2,623,000 2,563,000 240,509
2017.09.27 2,584,000 2,600,000 2,610,000 2,575,000 215,940
2017.09.26 2,583,000 2,651,000 2,656,000 2,578,000 341,144
2017.09.25 2,681,000 2,650,000 2,684,000 2,650,000 186,062
2017.09.22 2,650,000 2,648,000 2,680,000 2,623,000 278,448
2017.09.21 2,640,000 2,611,000 2,648,000 2,611,000 176,796
2017.09.20 2,611,000 2,606,000 2,625,000 2,592,000 185,855
2017.09.19 2,606,000 2,625,000 2,632,000 2,589,000 197,008
2017.09.18 2,624,000 2,527,000 2,624,000 2,526,000 230,499
http://finance.naver.com/item/sise_day.nhn 028050
http://finance.naver.com/item/sise_day.nhn?code=028050&page=1
2017.09.29 11,000 10,600 11,000 10,550 1,667,028
2017.09.28 10,650 10,750 10,800 10,600 958,064
2017.09.27 10,750 10,850 10,950 10,700 748,325
2017.09.26 10,850 10,250 10,900 10,250 1,703,675
2017.09.25 10,300 10,450 10,450 10,250 1,156,490
2017.09.22 10,500 10,850 10,850 10,400 1,695,024
2017.09.21 10,900 11,200 11,200 10,800 1,749,277
2017.09.20 11,150 11,100 11,250 10,850 2,504,886
2017.09.19 11,100 10,450 11,200 10,450 4,846,630
2017.09.18 10,450 10,450 10,550 10,350 1,046,309
http://finance.naver.com/item/sise_day.nhn 034220
http://finance.naver.com/item/sise_day.nhn?code=034220&page=1
2017.09.29 30,550 30,550 30,700 30,200 2,424,744
2017.09.28 30,400 30,800 30,850 30,300 1,889,213
2017.09.27 30,550 30,600 30,900 30,250 2,393,732
2017.09.26 30,500 30,750 31,050 30,450 2,636,207
2017.09.25 30,750 30,750 31,400 30,300 2,898,534
2017.09.22 30,750 31,450 31,750 30,700 3,290,096
2017.09.21 31,400 31,800 32,050 31,200 2,567,803
2017.09.20 31,550 32,200 32,800 31,350 5,606,820
2017.09.19 32,300 33,850 33,850 32,000 8,209,512
2017.09.18 34,000 33,800 34,300 33,650 3,299,467
http://finance.naver.com/item/sise_day.nhn 000270
http://finance.naver.com/item/sise_day.nhn?code=000270&page=1
2017.09.29 31,650 31,050 31,650 30,750 1,262,692
2017.09.28 30,850 31,150 31,150 30,550 1,211,584
2017.09.27 31,450 31,150 31,800 30,900 1,304,055
2017.09.26 30,950 30,300 31,300 30,100 1,528,341
2017.09.25 30,200 30,400 30,550 30,150 856,016
2017.09.22 30,400 30,550 30,550 29,950 1,464,136
2017.09.21 30,600 31,100 31,300 30,600 1,123,282
2017.09.20 31,350 31,250 31,550 30,900 1,115,401
2017.09.19 31,000 30,700 31,350 30,550 1,013,177
2017.09.18 30,550 30,700 30,800 30,300 790,528
http://finance.naver.com/item/sise_day.nhn 240810
http://finance.naver.com/item/sise_day.nhn?code=240810&page=1
2017.09.29 34,100 34,950 35,250 33,950 187,252
2017.09.28 34,750 35,400 35,400 34,600 234,086
2017.09.27 34,850 33,800 35,700 33,600 567,328
2017.09.26 33,400 33,650 34,250 33,200 182,671
2017.09.25 33,950 33,200 34,400 33,200 198,081
2017.09.22 33,700 33,700 34,700 33,550 255,739
2017.09.21 33,900 34,550 34,550 33,100 264,132
20Sat Oct  7 01:03:01 KST 2017
Sat Oct  7 01:04:02 KST 2017
17.09.20 34,350 34,100 34,800 34,000 270,358
2017.09.19 34,400 34,800 34,900 33,700 319,850
2017.09.18 34,800 34,750 34,800 34,400 221,830
http://finance.naver.com/item/sise_day.nhn 068270
http://finance.naver.com/item/sise_day.nhn?code=068270&page=1
2017.09.29 142,000 145,400 146,300 137,100 2,676,003
2017.09.28 144,000 149,700 149,700 144,000 1,351,195
2017.09.27 149,200 143,700 149,600 142,600 1,625,868
2017.09.26 142,500 147,000 147,200 142,500 1,040,691
2017.09.25 146,900 145,900 149,300 144,600 1,555,688
2017.09.22 143,600 144,500 144,600 140,600 1,719,067
2017.09.21 146,000 149,400 150,500 141,700 2,077,053
2017.09.20 146,700 140,200 149,000 140,100 2,764,852
2017.09.19 139,500 139,700 140,900 136,600 1,658,659
2017.09.18 138,400 130,700 142,300 130,500 4,023,490
http://finance.naver.com/item/sise_day.nhn 025320
http://finance.naver.com/item/sise_day.nhn?code=025320&page=1
2017.09.29 3,015 3,130 3,130 2,885 5,380,301
2017.09.28 3,130 3,375 3,565 3,010 10,258,997
2017.09.27 3,270 2,985 3,500 2,830 23,385,255
2017.09.26 2,760 3,800 3,895 2,660 16,127,559
2017.09.25 3,800 3,705 3,930 3,650 3,350,668
2017.09.22 3,765 4,000 4,120 3,755 3,124,658
2017.09.21 4,010 3,950 4,170 3,750 4,444,614
2017.09.20 4,000 4,230 4,240 3,975 3,140,106
2017.09.19 4,190 4,190 4,335 4,100 3,804,410
2017.09.18 4,190 3,870 4,190 3,835 5,958,504
http://finance.naver.com/item/sise_day.nhn 006120
http://finance.naver.com/item/sise_day.nhn?code=006120&page=1
2017.09.29 65,300 64,500 65,300 64,100 104,459
2017.09.28 64,200 63,800 64,700 62,800 194,923
2017.09.27 64,000 64,500 65,600 63,900 147,953
2017.09.26 65,000 63,900 65,200 63,600 172,216
2017.09.25 64,500 66,000 66,100 63,800 214,167
2017.09.22 66,100 68,500 68,600 65,900 264,002
2017.09.21 68,500 70,500 71,200 68,400 175,858
2017.09.20 70,100 69,300 70,700 69,100 197,258
2017.09.19 69,200 68,700 70,200 68,700 108,118
2017.09.18 68,700 69,500 69,800 68,600 181,638
http://finance.naver.com/item/sise_day.nhn 003670
http://finance.naver.com/item/sise_day.nhn?code=003670&page=1
2017.09.29 29,650 28,900 29,900 28,400 920,898
2017.09.28 28,900 30,000 30,150 28,900 659,583
2017.09.27 30,000 29,300 30,400 28,750 1,006,959
2017.09.26 29,050 28,750 29,050 27,800 902,587
2017.09.25 28,750 27,300 28,950 27,150 1,495,084
2017.09.22 27,650 29,000 29,600 27,600 2,003,742
2017.09.21 29,600 31,500 31,850 29,600 1,761,264
2017.09.20 31,200 33,650 34,450 31,100 2,029,969
2017.09.19 33,200 32,150 33,550 31,700 1,691,637
2017.09.18 31,700 31,850 32,150 30,900 865,973
http://finance.naver.com/item/sise_day.nhn 051910
http://finance.naver.com/item/sise_day.nhn?code=051910&page=1
2017.09.29 392,000 384,500 396,000 383,500 274,619
2017.09.28 386,000 375,000 387,000 369,500 258,624
2017.09.27 378,000 373,500 381,000 372,500 162,016
2017.09.26 375,500 379,500 382,000 372,500 211,177
2017.09.25 379,500 366,000 380,000 362,500 274,941
2017.09.22 369,000 388,000 388,500 365,500 568,634
2017.09.21 389,000 390,000 394,000 385,500 250,454
2017.09.20 388,500 397,500 398,500 387,000 323,891
2017.09.19 397,000 397,500 400,000 393,500 201,017
2017.09.18 395,000 403,000 404,500 393,000 368,552
http://finance.naver.com/item/sise_day.nhn 043200
http://finance.naver.com/item/sise_day.nhn?code=043200&page=1
2017.09.29 3,925 4,000 4,140 3,910 2,423,222
2017.09.28 3,910 3,900 3,965 3,845 805,136
2017.09.27 3,885 4,000 4,100 3,885 2,719,046
2017.09.26 3,820 3,600 3,845 3,600 1,244,470
2017.09.25 3,705 3,940 4,005 3,705 1,791,683
2017.09.22 3,940 4,095 4,175 3,910 1,987,075
2017.09.21 4,065 4,180 4,185 4,040 1,539,037
2017.09.20 4,160 4,260 4,345 4,130 2,168,228
2017.09.19 4,220 4,110 4,485 4,090 7,100,957
2017.09.18 4,100 4,075 4,140 4,055 1,011,486
http://finance.naver.com/item/sise_day.nhn 073240
http://finance.naver.com/item/sise_day.nhn?code=073240&page=1
2017.09.29 5,980 6,060 6,160 5,960 1,926,794
2017.09.28 5,940 5,680 6,160 5,540 5,925,060
2017.09.27 5,620 5,480 5,740 5,270 4,555,630
2017.09.26 5,280 5,040 5,390 5,040 3,150,833
2017.09.25 4,970 5,140 5,210 4,970 1,167,394
2017.09.22 5,190 5,460 5,460 5,150 1,881,888
2017.09.21Sat Oct  7 01:05:01 KST 2017
 5,530 5,100 5,710 5,070 6,261,346
2017.09.20 5,070 5,200 5,200 5,060 1,136,209
2017.09.19 5,140 4,990 5,200 4,990 1,666,797
2017.09.18 5,010 5,150 5,150 5,000 1,360,178
http://finance.naver.com/item/sise_day.nhn 005380
http://finance.naver.com/item/sise_day.nhn?code=005380&page=1
2017.09.29 150,500 148,500 151,000 147,500 808,245
2017.09.28 147,000 147,000 148,000 145,000 541,478
2017.09.27 147,500 146,000 149,000 145,500 623,568
2017.09.26 147,500 142,500 147,500 141,500 841,918
2017.09.25 141,000 141,000 143,000 140,000 307,434
2017.09.22 142,000 141,000 143,500 140,000 433,155
2017.09.21 141,500 140,500 142,000 138,500 467,712
2017.09.20 142,000 141,000 143,000 139,500 618,904
2017.09.19 140,000 136,500 141,000 136,500 627,903
2017.09.18 137,000 136,500 137,500 135,500 415,861
http://finance.naver.com/item/sise_day.nhn 012450
http://finance.naver.com/item/sise_day.nhn?code=012450&page=1
2017.09.29 33,200 32,750 33,750 32,700 296,679
2017.09.28 32,750 32,750 33,050 32,400 244,577
2017.09.27 33,000 33,000 33,300 32,500 270,490
2017.09.26 33,200 32,200 33,700 32,200 336,458
2017.09.25 32,750 34,300 34,350 32,700 582,199
2017.09.22 34,000 35,900 36,000 33,850 812,491
2017.09.21 35,850 36,250 37,300 35,800 434,080
2017.09.20 36,650 37,200 37,450 36,500 362,313
2017.09.19 37,450 37,150 37,600 37,100 218,988
2017.09.18 37,150 37,500 37,650 37,050 238,888
http://finance.naver.com/item/sise_day.nhn 066570
http://finance.naver.com/item/sise_day.nhn?code=066570&page=1
2017.09.29 82,400 80,400 82,500 80,200 907,884
2017.09.28 80,100 81,300 81,400 78,900 1,379,732
2017.09.27 81,200 82,000 83,400 81,000 973,194
2017.09.26 81,800 83,500 83,700 80,700 1,607,876
2017.09.25 84,300 86,800 88,000 83,800 1,536,892
2017.09.22 87,400 86,500 88,800 85,500 1,254,640
2017.09.21 86,400 86,600 88,400 84,700 1,397,736
2017.09.20 86,600 89,300 89,300 86,500 1,666,502
2017.09.19 89,000 91,000 91,000 88,400 1,473,897
2017.09.18 91,000 90,800 92,300 89,800 1,506,118
http://finance.naver.com/item/sise_day.nhn 007390
http://finance.naver.com/item/sise_day.nhn?code=007390&page=1
2017.09.29 5,820 5,750 5,950 5,740 601,097
2017.09.28 5,720 5,640 5,720 5,570 419,212
2017.09.27 5,620 5,730 5,870 5,620 801,182
2017.09.26 5,630 5,580 5,780 5,580 452,739
2017.09.25 5,700 5,910 5,980 5,610 1,084,150
2017.09.22 6,050 6,170 6,250 6,020 663,936
2017.09.21 6,230 6,160 6,510 6,100 1,317,733
2017.09.20 6,160 6,300 6,370 6,080 828,475
2017.09.19 6,320 6,500 6,500 6,230 586,479
2017.09.18 6,460 6,440 6,540 6,350 656,379
http://finance.naver.com/item/sise_day.nhn 047810
http://finance.naver.com/item/sise_day.nhn?code=047810&page=1
2017.09.29 43,700 43,450 44,150 43,000 558,730
2017.09.28 42,700 43,200 43,300 42,550 556,876
2017.09.27 43,650 43,250 44,000 42,350 761,962
2017.09.26 43,650 44,600 44,800 43,350 713,150
2017.09.25 44,000 44,100 45,900 43,900 1,080,804
2017.09.22 43,900 43,000 44,450 42,550 1,041,224
2017.09.21 43,500 46,200 46,850 43,250 1,803,887
2017.09.20 46,200 45,500 46,950 45,450 592,521
2017.09.19 46,350 45,600 46,750 45,250 540,081
2017.09.18 45,950 46,500 47,000 45,850 850,157
http://finance.naver.com/item/sise_day.nhn 003520
http://finance.naver.com/item/sise_day.nhn?code=003520&page=1
2017.09.29 9,690 9,560 9,820 9,550 1,296,584
2017.09.28 9,570 9,770 9,810 9,530 1,310,537
2017.09.27 9,710 9,910 9,920 9,700 1,288,127
2017.09.26 9,810 9,500 9,920 9,500 1,666,500
2017.09.25 9,700 10,050 10,200 9,570 3,155,978
2017.09.22 10,050 10,350 10,450 10,000 2,498,535
2017.09.21 10,300 10,650 10,850 10,250 3,237,480
2017.09.20 10,600 10,200 11,100 10,150 10,208,738
2017.09.19 10,150 10,200 10,350 10,050 2,370,108
2017.09.18 10,150 10,150 10,250 10,050 1,427,490
http://finance.naver.com/item/sise_day.nhn 005490
http://finance.naver.com/item/sise_day.nhn?code=005490&page=1
2017.09.29 317,000 319,000 322,000 314,000 168,059
2017.09.28 315,500 308,000 316,000 305,500 158,545
2017.09.27 311,500 313,000 314,000 308,500 195,326
2017.09.26 315,500 308,000 316,500 306,000 173,946
2017.09.25 307,500 307,000 312,000 300,000 204,386
2017.09.22 306,500 310,000 311,500 301,500 471,080
2017.09.21 316,500 321,000 323,000 316,000 208,120
2017.09.20 325,000 325,000 328,500 324,000 176,357
2017.09.19 324,000 314,000 324,500 314,000 266,996
2017.09.18 312,000 313,500 315,000 309,000 227,003
Sat Oct  7 01:06:01 KST 2017
Sat Oct  7 01:07:01 KST 2017
Sat Oct  7 01:08:01 KST 2017
Sat Oct  7 01:09:01 KST 2017
