
http://finance.naver.com/item/sise_day.nhn 000020
True
http://finance.naver.com/item/sise_day.nhn?code=000020&page=1
2017.09.29 8,560 8,600 8,620 8,550 15,105
2017.09.28 8,550 8,580 8,650 8,550 19,868
2017.09.27 8,550 8,430 8,590 8,420 39,309
2017.09.26 8,400 8,460 8,500 8,310 46,210
2017.09.25 8,460 8,560 8,790 8,460 86,723
2017.09.22 8,640 8,840 8,950 8,560 135,843
2017.09.21 8,870 8,950 9,000 8,850 69,115
2017.09.20 8,950 8,870 9,080 8,840 98,136
2017.09.19 8,850 8,840 8,980 8,770 42,998
2017.09.18 8,850 9,020 9,020 8,850 53,061
http://finance.naver.com/item/sise_day.nhn 000030
True
http://finance.naver.com/item/sise_day.nhn?code=000030&page=1
2017.09.29 17,850 17,700 18,000 17,550 1,282,459
2017.09.28 17,700 17,450 17,850 17,350 1,491,009
2017.09.27 17,700 17,350 17,700 17,200 1,462,784
2017.09.26 17,500 17,600 17,600 16,900 2,004,370
2017.09.25 17,600 18,250 18,250 17,400 1,407,116
2017.09.22 18,200 18,000 18,350 17,950 1,585,086
2017.09.21 18,000 17,950 18,100 17,800 1,082,534
2017.09.20 18,050 18,150 18,150 17,750 1,028,675
2017.09.19 17,900 17,850 18,100 17,650 1,263,426
2017.09.18 17,950 17,650 18,050 17,550 1,126,370
http://finance.naver.com/item/sise_day.nhn 000040
True
http://finance.naver.com/item/sise_day.nhn?code=000040&page=1
2017.09.29 517 514 524 507 345,917
2017.09.28 507 534 534 503 651,894
2017.09.27 527 519 544 513 1,178,233
2017.09.26 510 487 520 487 649,538
2017.09.25 493 491 503 473 1,506,032
2017.09.22 501 539 547 498 1,661,678
2017.09.21 542 577 581 533 1,546,327
2017.09.20 575 584 585 565 529,459
2017.09.19 585 577 585 576 466,036
2017.09.18 580 578 587 569 663,807
http://finance.naver.com/item/sise_day.nhn 000050
True
http://finance.naver.com/item/sise_day.nhn?code=000050&page=1
2017.09.29 14,100 14,250 14,350 14,000 22,183
2017.09.28 14,250 13,900 14,300 13,750 26,682
2017.09.27 14,050 14,150 14,300 14,000 18,906
2017.09.26 14,000 13,350 14,150 13,350 28,878
2017.09.25 13,500 13,300 13,900 13,300 36,660
2017.09.22 13,450 13,500 13,700 13,150 35,321
2017.09.21 13,700 13,400 13,750 13,400 18,756
2017.09.20 13,550 13,850 13,850 13,350 39,293
2017.09.19 13,700 13,800 13,850 13,550 44,648
2017.09.18 13,800 14,200 14,200 13,700 35,945
http://finance.naver.com/item/sise_day.nhn 000060
True
http://finance.naver.com/item/sise_day.nhn?code=000060&page=1
2017.09.29 24,650 24,350 24,650 24,000 178,149
2017.09.28 24,100 24,300 24,300 23,950 59,607
2017.09.27 24,350 24,000 24,350 23,950 263,699
2017.09.26 24,000 24,000 24,000 23,900 203,363
2017.09.25 23,950 24,450 24,450 23,950 114,646
2017.09.22 24,400 24,350 24,500 23,950 181,830
2017.09.21 24,200 24,400 24,500 24,100 208,482
2017.09.20 24,400 24,050 24,700 24,050 346,953
2017.09.19 24,050 24,500 24,500 23,800 305,147
2017.09.18 24,300 24,400 24,500 24,250 106,628
http://finance.naver.com/item/sise_day.nhn 000070
True
http://finance.naver.com/item/sise_day.nhn?code=000070&page=1
2017.09.29 88,500 88,800 90,100 87,200 19,690
2017.09.28 88,400 86,100 88,600 85,200 17,622
2017.09.27 86,300 85,200 86,800 85,000 12,001
2017.09.26 85,200 83,000 86,900 83,000 32,576
2017.09.25 84,900 88,600 89,800 84,400 32,774
2017.09.22 88,500 93,200 94,700 87,400 46,455
2017.09.21 93,600 96,900 97,700 93,000 33,111
2017.09.20 96,900 101,000 102,000 96,500 35,452
2017.09.19 100,000 99,800 101,000 99,800 14,908
2017.09.18 100,000 99,700 101,000 99,500 18,911
http://finance.naver.com/item/sise_day.nhn 000075
True
http://finance.naver.com/item/sise_day.nhn?code=000075&page=1
2017.09.29 55,300 55,300 55,300 54,200 131
2017.09.28 55,400 53,200 55,600 52,600 271
2017.09.27 52,900 52,500 53,500 52,500 425
2017.09.26 52,700 54,300 54,300 52,000 2,488
2017.09.25 54,300 55,600 55,800 53,000 861
2017.09.22 54,700 55,100 55,900 54,500 366
2017.09.21 56,000 56,000 56,100 55,700 61
2017.09.20 56,000 56,600 56,600 55,500 239
2017.09.19 56,600 56,600 56,600 56,600 62
2017.09.18 56,600 56,900 56,900 56,600 93
http://finance.naver.com/item/sise_day.nhn 000080
True
http://finance.naver.com/item/sise_day.nhn?code=000080&page=1
2017.09.29 26,300 26,100 26,300 26,050 181,575
2017.09.28 26,100 25