
###2017-08-16 00:04:18.059562
code   SU%  SD%  LU% LD%  NAME
035420  49   50   49   50   NAVER
006400  48   51   48   51   삼성SDI
168330  46   53   48   51   내츄럴엔도텍
017670  52   47   49   50   SK텔레콤
005420  51   48   50   49   코스모화학
011170  47   52   48   51   롯데케미칼
091990  52   47   47   52   셀트리온헬스케어
005930  48   51   47   52   삼성전자
000660  47   52   47   52   SK하이닉스
034220  54   45   49   50   LG디스플레이
035810  49   50   48   51   이지바이오
265520  48   51   49   50   AP시스템
207940  46   53   47   52   삼성바이오로직스
051910  45   54   48   51   LG화학
009830  44   55   47   52   한화케미칼
066970  47   52   49   50   엘앤에프
067170  53   46   50   49   오텍
001440  46   53   49   50   대한전선
201490  48   51   49   50   미투온
194510  43   56   48   51   파티게임즈
035720  42   57   48   51   카카오
047810  51   48   48   51   한국항공우주
185750  52   47   49   50   종근당
009150  45   54   48   51   삼성전기
068790  48   51   49   50   DMS
065450  50   50   49   50   빅텍
005490  47   52   48   51   POSCO
114090  46   53   48   51   GKL
251270  48   51   49   50   넷마블게임즈
073560  46   53   49   50   우리손에프앤지

###2017-08-16 00:28:58.085985
code   SU%  SD%  LU% LD%  NAME
035420  49   50   49   50   NAVER
006400  48   51   48   51   삼성SDI
168330  46   53   48   51   내츄럴엔도텍
017670  52   47   49   50   SK텔레콤
005420  51   48   50   49   코스모화학
011170  47   52   48   51   롯데케미칼
091990  52   47   47   52   셀트리온헬스케어
005930  48   51   47   52   삼성전자
000660  47   52   47   52   SK하이닉스
034220  54   45   49   50   LG디스플레이
035810  49   50   48   51   이지바이오
265520  48   51   49   50   AP시스템
207940  46   53   47   52   삼성바이오로직스
051910  45   54   48   51   LG화학
009830  44   55   47   52   한화케미칼
066970  47   52   49   50   엘앤에프
067170  53   46   50   49   오텍
001440  46   53   49   50   대한전선
201490  48   51   49   50   미투온
194510  43   56   48   51   파티게임즈
035720  42   57   48   51   카카오
047810  51   48   48   51   한국항공우주
185750  52   47   49   50   종근당
009150  45   54   48   51   삼성전기
068790  48   51   49   50   DMS
065450  50   50   49   50   빅텍
005490  47   52   48   51   POSCO
114090  46   53   48   51   GKL
251270  48   51   49   50   넷마블게임즈
073560  46   53   49   50   우리손에프앤지

###2017-08-20 10:22:04.855917
code   SU%  SD%  LU% LD%  NAME
035420  47   52   49   50   NAVER
006400  49   50   49   50   삼성SDI
168330  46   53   46   53   내츄럴엔도텍
017670  53   46   50   49   SK텔레콤
005420  43   56   47   52   코스모화학
011170  45   54   49   50   롯데케미칼
091990  49   50   49   50   셀트리온헬스케어
005930  50   49   47   52   삼성전자
000660  45   54   48   51   SK하이닉스
034220  49   50   49   50   LG디스플레이
035810  46   53   48   51   이지바이오
265520  46   53   50   49   AP시스템
207940  46   53   48   51   삼성바이오로직스
051910  41   58   46   53   LG화학
009830  45   54   48   51   한화케미칼
066970  43   56   47   52   엘앤에프
067170  42   57   46   53   오텍
001440  43   56   47   52   대한전선
201490  50   49   49   50   미투온
194510  47   52   47   52   파티게임즈
035720  46   53   50   49   카카오
047810  51   48   48   51   한국항공우주
185750  51   48   48   51   종근당
009150  46   53   50   49   삼성전기
068790  46   53   50   49   DMS
065450  47   52   47   52   빅텍
005490  51   48   49   50   POSCO
114090  52   47   50   49   GKL
251270  51   48   48   51   넷마블게임즈
073560  45   54   50   49   우리손에프앤지

###2017-08-20 10:30:08.947865
code   SU%  SD%  LU% LD%  NAME
035420  47   52   49   50   NAVER
006400  49   50   49   50   삼성SDI
168330  46   53   46   53   내츄럴엔도텍
017670  53   46   50   49   SK텔레콤
005420  43   56   47   52   코스모화학
011170  45   54   49   50   롯데케미칼
091990  49   50   49   50   셀트리온헬스케어
005930  50   49   47   52   삼성전자
000660  45   54   48   51   SK하이닉스
034220  49   50   49   50   LG디스플레이
035810  46   53   48   51   이지바이오
265520  46   53   50   49   AP시스템
207940  46   53   48   51   삼성바이오로직스
051910  41   58   46   53   LG화학
009830  45   54   48   51   한화케미칼
066970  43   56   47   52   엘앤에프
067170  42   57   46   53   오텍
001440  43   56   47   52   대한전선
201490  50   49   49   50   미투온
194510  47   52   47   52   파티게임즈
035720  46   53   50   49   카카오
047810  51   48   48   51   한국항공우주
185750  51   48   48   51   종근당
009150  46   53   50   49   삼성전기
068790  46   53   50   49   DMS
065450  47   52   47   52   빅텍
005490  51   48   49   50   POSCO
114090  52   47   50   49   GKL
251270  51   48   48   51   넷마블게임즈
073560  45   54   50   49   우리손에프앤지

###2017-08-20 10:35:13.483990
code   SU%  SD%  LU% LD%  NAME
035420  47   52   49   50   NAVER
011200  50   49   49   50   현대상선
168330  46   53   46   53   내츄럴엔도텍
015760  43   56   46   53   한국전력
067160  52   47   49   50   아프리카TV
005930  50   49   47   52   삼성전자
028050  47   52   49   50   삼성엔지니어링
000660  45   54   48   51   SK하이닉스
034220  49   50   49   50   LG디스플레이
000270  46   53   48   51   기아차
046890  45   54   48   51   서울반도체
240810  48   51   48   51   원익IPS
068270  49   50   49   50   셀트리온
025320  50   49   48   51   시노펙스
900310  53   46   49   50   컬러레이
006120  45   54   47   52   SK케미칼
003670  43   56   47   52   포스코켐텍
051910  41   58   46   53   LG화학
043200  47   52   48   51   파루
073240  52   47   50   49   금호타이어
005380  45   54   48   51   현대차
012450  49   50   50   49   한화테크윈
066570  48   51   49   50   LG전자
007390  45   54   47   52   네이처셀
047810  51   48   48   51   한국항공우주
020150  49   50   49   50   일진머티리얼즈
003520  51   48   48   51   영진약품
005490  51   48   49   50   POSCO
013870  47   52   47   52   지엠비코리아
251270  51   48   48   51   넷마블게임즈

###2017-08-20 12:00:05.143439
code   SU%  SD%  LU% LD%  NAME
035420  47   52   49   50   NAVER
011200  50   49   49   50   현대상선
168330  46   53   46   53   내츄럴엔도텍
015760  43   56   46   53   한국전력
067160  52   47   49   50   아프리카TV
005930  50   49   47   52   삼성전자
028050  47   52   49   50   삼성엔지니어링
000660  45   54   48   51   SK하이닉스
034220  49   50   49   50   LG디스플레이
000270  46   53   48   51   기아차
046890  45   54   48   51   서울반도체
240810  48   51   48   51   원익IPS
068270  49   50   49   50   셀트리온
025320  50   49   48   51   시노펙스
900310  53   46   49   50   컬러레이
006120  45   54   47   52   SK케미칼
003670  43   56   47   52   포스코켐텍
051910  41   58   46   53   LG화학
043200  47   52   48   51   파루
073240  52   47   50   49   금호타이어
005380  45   54   48   51   현대차
012450  49   50   50   49   한화테크윈
066570  48   51   49   50   LG전자
007390  45   54   47   52   네이처셀
047810  51   48   48   51   한국항공우주
020150  49   50   49   50   일진머티리얼즈
003520  51   48   48   51   영진약품
005490  51   48   49   50   POSCO
013870  47   52   47   52   지엠비코리아
251270  51   48   48   51   넷마블게임즈

###2017-08-20 18:00:05.177850
code   SU%  SD%  LU% LD%  NAME
035420  47   52   49   50   NAVER
011200  50   49   49   50   현대상선
168330  46   53   46   53   내츄럴엔도텍
015760  43   56   46   53   한국전력
067160  52   47   49   50   아프리카TV
005930  50   49   47   52   삼성전자
028050  47   52   49   50   삼성엔지니어링
000660  45   54   48   51   SK하이닉스
034220  49   50   49   50   LG디스플레이
000270  46   53   48   51   기아차
046890  45   54   48   51   서울반도체
240810  48   51   48   51   원익IPS
068270  49   50   49   50   셀트리온
025320  50   49   48   51   시노펙스
900310  53   46   49   50   컬러레이
006120  45   54   47   52   SK케미칼
003670  43   56   47   52   포스코켐텍
051910  41   58   46   53   LG화학
043200  47   52   48   51   파루
073240  52   47   50   49   금호타이어
005380  45   54   48   51   현대차
012450  49   50   50   49   한화테크윈
066570  48   51   49   50   LG전자
007390  45   54   47   52   네이처셀
047810  51   48   48   51   한국항공우주
020150  49   50   49   50   일진머티리얼즈
003520  51   48   48   51   영진약품
005490  51   48   49   50   POSCO
013870  47   52   47   52   지엠비코리아
251270  51   48   48   51   넷마블게임즈

###2017-08-21 00:00:05.023908
code   SU%  SD%  LU% LD%  NAME
035420  47   52   49   50   NAVER
011200  50   49   49   50   현대상선
168330  46   53   46   53   내츄럴엔도텍
015760  43   56   46   53   한국전력
067160  51   48   49   50   아프리카TV
005930  50   49   47   52   삼성전자
028050  46   53   49   50   삼성엔지니어링
000660  44   55   48   51   SK하이닉스
034220  49   50   49   50   LG디스플레이
000270  46   53   48   51   기아차
046890  44   55   48   51   서울반도체
240810  48   51   48   51   원익IPS
068270  49   50   49   50   셀트리온
025320  49   50   48   51   시노펙스
900310  53   46   49   50   컬러레이
006120  45   54   47   52   SK케미칼
003670  43   56   47   52   포스코켐텍
051910  41   58   46   53   LG화학
043200  47   52   48   51   파루
073240  52   47   49   50   금호타이어
005380  45   54   48   51   현대차
012450  49   50   50   49   한화테크윈
066570  48   51   49   50   LG전자
007390  45   54   47   52   네이처셀
047810  51   48   48   51   한국항공우주
020150  49   50   48   51   일진머티리얼즈
003520  52   47   48   51   영진약품
005490  51   48   49   50   POSCO
013870  47   52   47   52   지엠비코리아
251270  51   48   48   51   넷마블게임즈

###2017-08-21 06:00:04.418810
code   SU%  SD%  LU% LD%  NAME
035420  47   52   49   50   NAVER
011200  50   49   49   50   현대상선
168330  46   53   46   53   내츄럴엔도텍
015760  43   56   46   53   한국전력
067160  51   48   49   50   아프리카TV
005930  50   49   47   52   삼성전자
028050  46   53   49   50   삼성엔지니어링
000660  44   55   48   51   SK하이닉스
034220  49   50   49   50   LG디스플레이
000270  46   53   48   51   기아차
046890  44   55   48   51   서울반도체
240810  48   51   48   51   원익IPS
068270  49   50   49   50   셀트리온
025320  49   50   48   51   시노펙스
900310  53   46   49   50   컬러레이
006120  45   54   47   52   SK케미칼
003670  43   56   47   52   포스코켐텍
051910  41   58   46   53   LG화학
043200  47   52   48   51   파루
073240  52   47   49   50   금호타이어
005380  45   54   48   51   현대차
012450  49   50   50   49   한화테크윈
066570  48   51   49   50   LG전자
007390  45   54   47   52   네이처셀
047810  51   48   48   51   한국항공우주
020150  49   50   48   51   일진머티리얼즈
003520  52   47   48   51   영진약품
005490  51   48   49   50   POSCO
013870  47   52   47   52   지엠비코리아
251270  51   48   48   51   넷마블게임즈

###2017-08-22 00:00:05.312446
code   SU%  SD%  LU% LD%  NAME
035420  50   49   49   50   NAVER
011200  43   56   47   52   현대상선
168330  41   58   47   52   내츄럴엔도텍
015760  51   48   47   52   한국전력
067160  48   51   48   51   아프리카TV
005930  49   50   48   51   삼성전자
028050  45   54   49   50   삼성엔지니어링
000660  42   57   47   52   SK하이닉스
034220  48   51   48   51   LG디스플레이
000270  42   57   47   52   기아차
046890  42   57   47   52   서울반도체
240810  52   47   49   50   원익IPS
068270  40   59   47   52   셀트리온
025320  47   52   48   51   시노펙스
900310  48   51   48   51   컬러레이
006120  47   52   48   51   SK케미칼
003670  47   52   50   49   포스코켐텍
051910  46   53   48   51   LG화학
043200  49   50   48   51   파루
073240  49   50   48   51   금호타이어
005380  46   53   48   51   현대차
012450  52   47   49   50   한화테크윈
066570  45   54   48   51   LG전자
007390  50   49   48   51   네이처셀
047810  46   53   49   50   한국항공우주
020150  43   56   47   52   일진머티리얼즈
003520  49   50   49   50   영진약품
005490  45   54   47   52   POSCO
013870  50   49   48   51   지엠비코리아
251270  43   56   46   53   넷마블게임즈

###2017-08-22 01:07:42.836367
code   SU%  SD%  LU% LD%  NAME
035420  50   49   49   50   NAVER
011200  43   56   47   52   현대상선
168330  41   58   47   52   내츄럴엔도텍
015760  51   48   47   52   한국전력
067160  48   51   48   51   아프리카TV
005930  49   50   48   51   삼성전자
028050  44   55   49   50   삼성엔지니어링
000660  42   57   47   52   SK하이닉스
034220  48   51   48   51   LG디스플레이
000270  41   58   47   52   기아차
046890  42   57   47   52   서울반도체
240810  52   47   49   50   원익IPS
068270  40   59   47   52   셀트리온
025320  46   53   48   51   시노펙스
900310  48   51   48   51   컬러레이
006120  48   51   48   51   SK케미칼
003670  47   52   50   49   포스코켐텍
051910  45   54   48   51   LG화학
043200  49   50   48   51   파루
073240  49   50   48   51   금호타이어
005380  45   54   48   51   현대차
012450  52   47   49   50   한화테크윈
066570  45   54   48   51   LG전자
007390  51   48   48   51   네이처셀
047810  47   52   49   50   한국항공우주
020150  43   56   48   51   일진머티리얼즈
003520  50   49   50   49   영진약품
005490  44   55   47   52   POSCO
013870  50   49   48   51   지엠비코리아
251270  44   55   46   53   넷마블게임즈

###2017-08-22 06:00:05.089572
code   SU%  SD%  LU% LD%  NAME
000660  42   57   47   52   SK하이닉스
018260  54   45   50   49   삼성SDS
034940  51   48   47   52   조아제약
046890  42   57   47   52   서울반도체
011200  43   56   47   52   현대상선
035420  50   49   49   50   NAVER
168330  41   58   47   52   내츄럴엔도텍
015760  51   48   47   52   한국전력
067160  48   51   48   51   아프리카TV
005930  49   50   48   51   삼성전자
028050  44   55   49   50   삼성엔지니어링
034220  48   51   48   51   LG디스플레이
000270  41   58   47   52   기아차
240810  52   47   49   50   원익IPS
068270  40   59   47   52   셀트리온
025320  46   53   48   51   시노펙스
006120  48   51   48   51   SK케미칼
003670  47   52   50   49   포스코켐텍
051910  45   54   48   51   LG화학
043200  49   50   48   51   파루
073240  49   50   48   51   금호타이어
005380  45   54   48   51   현대차
012450  52   47   49   50   한화테크윈
066570  45   54   48   51   LG전자
007390  51   48   48   51   네이처셀
047810  47   52   49   50   한국항공우주
003520  50   49   50   49   영진약품
005490  44   55   47   52   POSCO

###2017-08-22 23:28:19.694253
code   SU%  SD%  LU% LD%  NAME
000660  42   57   48   51   SK하이닉스
018260  46   53   48   51   삼성SDS
034940  45   54   46   53   조아제약
046890  42   57   48   51   서울반도체
011200  41   58   47   52   현대상선
035420  53   46   49   50   NAVER
168330  44   55   48   51   내츄럴엔도텍
015760  51   48   48   51   한국전력
067160  47   52   48   51   아프리카TV
005930  45   54   48   51   삼성전자
028050  50   49   49   50   삼성엔지니어링
034220  46   53   48   51   LG디스플레이
000270  51   48   48   51   기아차
240810  42   57   47   52   원익IPS
068270  41   58   47   52   셀트리온
025320  50   49   48   51   시노펙스
006120  48   51   49   50   SK케미칼
003670  47   52   49   50   포스코켐텍
051910  40   59   47   52   LG화학
043200  49   50   49   50   파루
073240  51   48   49   50   금호타이어
005380  45   54   48   51   현대차
012450  47   52   49   50   한화테크윈
066570  49   50   49   50   LG전자
007390  51   48   50   49   네이처셀
047810  51   48   50   49   한국항공우주
003520  51   48   49   50   영진약품
005490  46   53   47   52   POSCO

###2017-08-23 00:00:04.749756
code   SU%  SD%  LU% LD%  NAME
000660  42   57   48   51   SK하이닉스
018260  46   53   48   51   삼성SDS
034940  45   54   46   53   조아제약
046890  42   57   48   51   서울반도체
011200  41   58   47   52   현대상선
035420  53   46   49   50   NAVER
168330  44   55   48   51   내츄럴엔도텍
015760  51   48   48   51   한국전력
067160  47   52   48   51   아프리카TV
005930  45   54   48   51   삼성전자
028050  50   49   49   50   삼성엔지니어링
034220  46   53   48   51   LG디스플레이
000270  51   48   48   51   기아차
240810  42   57   47   52   원익IPS
068270  41   58   47   52   셀트리온
025320  50   49   48   51   시노펙스
006120  48   51   49   50   SK케미칼
003670  47   52   49   50   포스코켐텍
051910  40   59   47   52   LG화학
043200  49   50   49   50   파루
073240  51   48   49   50   금호타이어
005380  45   54   48   51   현대차
012450  47   52   49   50   한화테크윈
066570  49   50   49   50   LG전자
007390  51   48   50   49   네이처셀
047810  51   48   50   49   한국항공우주
003520  51   48   49   50   영진약품
005490  46   53   47   52   POSCO

###2017-08-23 06:00:05.327614
code   SU%  SD%  LU% LD%  NAME
000660  42   57   48   51   SK하이닉스
018260  46   53   48   51   삼성SDS
034940  45   54   46   53   조아제약
046890  42   57   48   51   서울반도체
011200  41   58   47   52   현대상선
035420  53   46   49   50   NAVER
168330  44   55   48   51   내츄럴엔도텍
015760  51   48   48   51   한국전력
067160  47   52   48   51   아프리카TV
005930  45   54   48   51   삼성전자
028050  50   49   49   50   삼성엔지니어링
034220  46   53   48   51   LG디스플레이
000270  51   48   48   51   기아차
240810  42   57   47   52   원익IPS
068270  41   58   47   52   셀트리온
025320  50   49   48   51   시노펙스
006120  48   51   49   50   SK케미칼
003670  47   52   49   50   포스코켐텍
051910  40   59   47   52   LG화학
043200  49   50   49   50   파루
073240  51   48   49   50   금호타이어
005380  45   54   48   51   현대차
012450  47   52   49   50   한화테크윈
066570  49   50   49   50   LG전자
007390  51   48   50   49   네이처셀
047810  51   48   50   49   한국항공우주
003520  51   48   49   50   영진약품
005490  46   53   47   52   POSCO

###2017-08-24 00:00:05.257003
code   SU%  SD%  LU% LD%  NAME
000660  45   54   49   50   SK하이닉스
018260  52   47   48   51   삼성SDS
034940  46   53   46   53   조아제약
046890  41   58   49   50   서울반도체
011200  47   52   50   49   현대상선
035420  49   50   48   51   NAVER
168330  52   47   51   48   내츄럴엔도텍
015760  47   52   48   51   한국전력
067160  44   55   46   53   아프리카TV
005930  47   52   47   52   삼성전자
028050  51   48   48   51   삼성엔지니어링
034220  45   54   48   51   LG디스플레이
000270  47   52   49   50   기아차
240810  45   54   48   51   원익IPS
068270  47   52   50   49   셀트리온
025320  48   51   48   51   시노펙스
006120  53   46   51   48   SK케미칼
003670  44   55   47   52   포스코켐텍
051910  43   56   49   50   LG화학
043200  47   52   47   52   파루
073240  44   55   47   52   금호타이어
005380  51   48   50   49   현대차
012450  46   53   47   52   한화테크윈
066570  49   50   49   50   LG전자
007390  53   46   50   49   네이처셀
047810  46   53   48   51   한국항공우주
003520  48   51   48   51   영진약품
005490  49   50   48   51   POSCO

###2017-08-24 06:00:04.795539
code   SU%  SD%  LU% LD%  NAME
000660  45   54   49   50   SK하이닉스
018260  52   47   48   51   삼성SDS
034940  46   53   46   53   조아제약
046890  41   58   49   50   서울반도체
011200  47   52   50   49   현대상선
035420  49   50   48   51   NAVER
168330  52   47   51   48   내츄럴엔도텍
015760  47   52   48   51   한국전력
067160  44   55   46   53   아프리카TV
005930  47   52   47   52   삼성전자
028050  51   48   48   51   삼성엔지니어링
034220  45   54   48   51   LG디스플레이
000270  47   52   49   50   기아차
240810  45   54   48   51   원익IPS
068270  47   52   50   49   셀트리온
025320  48   51   48   51   시노펙스
006120  53   46   51   48   SK케미칼
003670  44   55   47   52   포스코켐텍
051910  43   56   49   50   LG화학
043200  47   52   47   52   파루
073240  44   55   47   52   금호타이어
005380  51   48   50   49   현대차
012450  46   53   47   52   한화테크윈
066570  49   50   49   50   LG전자
007390  53   46   50   49   네이처셀
047810  46   53   48   51   한국항공우주
003520  48   51   48   51   영진약품
005490  49   50   48   51   POSCO

###2017-08-24 22:30:50.959253
code   SU%  SD%  LU% LD%  NAME
000660  45   54   48   51   SK하이닉스
018260  48   51   48   51   삼성SDS
034940  52   47   48   51   조아제약
046890  42   57   49   50   서울반도체
011200  46   53   48   51   현대상선
035420  51   48   49   50   NAVER
168330  57   42   50   49   내츄럴엔도텍
015760  49   50   49   50   한국전력
067160  44   55   47   52   아프리카TV
005930  47   52   48   51   삼성전자
028050  49   50   48   51   삼성엔지니어링
034220  50   49   48   51   LG디스플레이
000270  51   48   49   50   기아차
240810  49   50   49   50   원익IPS
068270  53   46   50   49   셀트리온
025320  47   52   48   51   시노펙스
006120  53   46   50   49   SK케미칼
003670  41   58   47   52   포스코켐텍
051910  43   56   49   50   LG화학
043200  52   47   49   50   파루
073240  46   53   48   51   금호타이어
005380  53   46   49   50   현대차
012450  49   50   49   50   한화테크윈
066570  51   48   49   50   LG전자
007390  46   53   48   51   네이처셀
047810  50   49   49   50   한국항공우주
003520  54   45   50   49   영진약품
005490  49   50   49   50   POSCO

###2017-08-25 00:00:05.339305
code   SU%  SD%  LU% LD%  NAME
000660  45   54   48   51   SK하이닉스
018260  48   51   48   51   삼성SDS
034940  52   47   48   51   조아제약
046890  42   57   49   50   서울반도체
011200  46   53   48   51   현대상선
035420  51   48   49   50   NAVER
168330  57   42   50   49   내츄럴엔도텍
015760  49   50   49   50   한국전력
067160  44   55   47   52   아프리카TV
005930  47   52   48   51   삼성전자
028050  49   50   48   51   삼성엔지니어링
034220  50   49   48   51   LG디스플레이
000270  51   48   49   50   기아차
240810  49   50   49   50   원익IPS
068270  53   46   50   49   셀트리온
025320  47   52   48   51   시노펙스
006120  53   46   50   49   SK케미칼
003670  41   58   47   52   포스코켐텍
051910  43   56   49   50   LG화학
043200  52   47   49   50   파루
073240  46   53   48   51   금호타이어
005380  53   46   49   50   현대차
012450  49   50   49   50   한화테크윈
066570  51   48   49   50   LG전자
007390  46   53   48   51   네이처셀
047810  50   49   49   50   한국항공우주
003520  54   45   50   49   영진약품
005490  49   50   49   50   POSCO

###2017-08-25 06:00:04.722942
code   SU%  SD%  LU% LD%  NAME
000660  45   54   48   51   SK하이닉스
018260  48   51   48   51   삼성SDS
034940  52   47   48   51   조아제약
046890  42   57   49   50   서울반도체
011200  46   53   48   51   현대상선
035420  51   48   49   50   NAVER
168330  57   42   50   49   내츄럴엔도텍
015760  49   50   49   50   한국전력
067160  44   55   47   52   아프리카TV
005930  47   52   48   51   삼성전자
028050  49   50   48   51   삼성엔지니어링
034220  50   49   48   51   LG디스플레이
000270  51   48   49   50   기아차
240810  49   50   49   50   원익IPS
068270  53   46   50   49   셀트리온
025320  47   52   48   51   시노펙스
006120  53   46   50   49   SK케미칼
003670  41   58   47   52   포스코켐텍
051910  43   56   49   50   LG화학
043200  52   47   49   50   파루
073240  46   53   48   51   금호타이어
005380  53   46   49   50   현대차
012450  49   50   49   50   한화테크윈
066570  51   48   49   50   LG전자
007390  46   53   48   51   네이처셀
047810  50   49   49   50   한국항공우주
003520  54   45   50   49   영진약품
005490  49   50   49   50   POSCO

###2017-08-25 12:00:04.451711
code   SU%  SD%  LU% LD%  NAME
000660  47   52   48   51   SK하이닉스
018260  47   52   47   52   삼성SDS
034940  47   52   48   51   조아제약
046890  52   47   54   45   서울반도체
011200  46   53   47   52   현대상선
035420  45   54   48   51   NAVER
168330  52   47   48   51   내츄럴엔도텍
015760  46   53   48   51   한국전력
067160  51   48   47   52   아프리카TV
005930  52   47   49   50   삼성전자
028050  43   56   47   52   삼성엔지니어링
034220  44   55   47   52   LG디스플레이
000270  45   54   47   52   기아차
240810  55   44   51   48   원익IPS
068270  45   54   49   50   셀트리온
025320  44   55   47   52   시노펙스
006120  46   53   48   51   SK케미칼
003670  47   52   49   50   포스코켐텍
051910  49   50   50   49   LG화학
043200  45   54   47   52   파루
073240  44   55   47   52   금호타이어
005380  47   52   48   51   현대차
012450  49   50   49   50   한화테크윈
066570  46   53   48   51   LG전자
007390  47   52   47   52   네이처셀
047810  45   54   47   52   한국항공우주
003520  46   53   48   51   영진약품
005490  44   55   47   52   POSCO

###2017-08-25 18:00:05.133218
code   SU%  SD%  LU% LD%  NAME
000660  47   52   48   51   SK하이닉스
018260  50   49   49   50   삼성SDS
034940  47   52   48   51   조아제약
046890  46   53   50   49   서울반도체
011200  46   53   47   52   현대상선
035420  45   54   48   51   NAVER
168330  52   47   48   51   내츄럴엔도텍
015760  46   53   48   51   한국전력
067160  51   48   47   52   아프리카TV
005930  52   47   49   50   삼성전자
028050  43   56   47   52   삼성엔지니어링
034220  44   55   47   52   LG디스플레이
000270  45   54   47   52   기아차
240810  55   44   51   48   원익IPS
068270  54   45   50   49   셀트리온
025320  44   55   47   52   시노펙스
006120  46   53   48   51   SK케미칼
003670  47   52   49   50   포스코켐텍
051910  49   50   50   49   LG화학
043200  53   46   49   50   파루
073240  44   55   47   52   금호타이어
005380  47   52   48   51   현대차
012450  49   50   49   50   한화테크윈
066570  46   53   48   51   LG전자
007390  47   52   47   52   네이처셀
047810  45   54   47   52   한국항공우주
003520  46   53   48   51   영진약품
005490  44   55   47   52   POSCO

###2017-08-26 00:00:04.921248
code   SU%  SD%  LU% LD%  NAME
000660  47   52   48   51   SK하이닉스
018260  50   49   49   50   삼성SDS
034940  47   52   48   51   조아제약
046890  46   53   50   49   서울반도체
011200  46   53   47   52   현대상선
035420  45   54   48   51   NAVER
168330  52   47   48   51   내츄럴엔도텍
015760  46   53   48   51   한국전력
067160  51   48   47   52   아프리카TV
005930  52   47   49   50   삼성전자
028050  43   56   47   52   삼성엔지니어링
034220  44   55   47   52   LG디스플레이
000270  45   54   47   52   기아차
240810  55   44   51   48   원익IPS
068270  54   45   50   49   셀트리온
025320  44   55   47   52   시노펙스
006120  46   53   48   51   SK케미칼
003670  47   52   49   50   포스코켐텍
051910  49   50   50   49   LG화학
043200  53   46   49   50   파루
073240  44   55   47   52   금호타이어
005380  47   52   48   51   현대차
012450  49   50   49   50   한화테크윈
066570  46   53   48   51   LG전자
007390  47   52   47   52   네이처셀
047810  45   54   47   52   한국항공우주
003520  46   53   48   51   영진약품
005490  44   55   47   52   POSCO

###2017-08-26 06:00:04.700559
code   SU%  SD%  LU% LD%  NAME
000660  47   52   48   51   SK하이닉스
018260  50   49   49   50   삼성SDS
034940  47   52   48   51   조아제약
046890  46   53   50   49   서울반도체
011200  46   53   47   52   현대상선
035420  45   54   48   51   NAVER
168330  52   47   48   51   내츄럴엔도텍
015760  46   53   48   51   한국전력
067160  51   48   47   52   아프리카TV
005930  52   47   49   50   삼성전자
028050  43   56   47   52   삼성엔지니어링
034220  44   55   47   52   LG디스플레이
000270  45   54   47   52   기아차
240810  55   44   51   48   원익IPS
068270  54   45   50   49   셀트리온
025320  44   55   47   52   시노펙스
006120  46   53   48   51   SK케미칼
003670  47   52   49   50   포스코켐텍
051910  49   50   50   49   LG화학
043200  53   46   49   50   파루
073240  44   55   47   52   금호타이어
005380  47   52   48   51   현대차
012450  49   50   49   50   한화테크윈
066570  46   53   48   51   LG전자
007390  47   52   47   52   네이처셀
047810  45   54   47   52   한국항공우주
003520  46   53   48   51   영진약품
005490  44   55   47   52   POSCO

###2017-08-26 12:00:04.459849
code   SU%  SD%  LU% LD%  NAME
000660  47   52   48   51   SK하이닉스
018260  50   49   49   50   삼성SDS
034940  47   52   48   51   조아제약
046890  46   53   50   49   서울반도체
011200  46   53   47   52   현대상선
035420  45   54   48   51   NAVER
168330  52   47   48   51   내츄럴엔도텍
015760  46   53   48   51   한국전력
067160  51   48   47   52   아프리카TV
005930  52   47   49   50   삼성전자
028050  43   56   47   52   삼성엔지니어링
034220  44   55   47   52   LG디스플레이
000270  45   54   47   52   기아차
240810  55   44   51   48   원익IPS
068270  54   45   50   49   셀트리온
025320  44   55   47   52   시노펙스
006120  46   53   48   51   SK케미칼
003670  47   52   49   50   포스코켐텍
051910  49   50   50   49   LG화학
043200  53   46   49   50   파루
073240  44   55   47   52   금호타이어
005380  47   52   48   51   현대차
012450  49   50   49   50   한화테크윈
066570  46   53   48   51   LG전자
007390  47   52   47   52   네이처셀
047810  45   54   47   52   한국항공우주
003520  46   53   48   51   영진약품
005490  44   55   47   52   POSCO

###2017-08-26 18:00:05.044801
code   SU%  SD%  LU% LD%  NAME
000660  47   52   48   51   SK하이닉스
018260  50   49   49   50   삼성SDS
034940  47   52   48   51   조아제약
046890  46   53   50   49   서울반도체
011200  46   53   47   52   현대상선
035420  45   54   48   51   NAVER
168330  52   47   48   51   내츄럴엔도텍
015760  46   53   48   51   한국전력
067160  51   48   47   52   아프리카TV
005930  52   47   49   50   삼성전자
028050  43   56   47   52   삼성엔지니어링
034220  44   55   47   52   LG디스플레이
000270  45   54   47   52   기아차
240810  55   44   51   48   원익IPS
068270  54   45   50   49   셀트리온
025320  44   55   47   52   시노펙스
006120  46   53   48   51   SK케미칼
003670  47   52   49   50   포스코켐텍
051910  49   50   50   49   LG화학
043200  53   46   49   50   파루
073240  44   55   47   52   금호타이어
005380  47   52   48   51   현대차
012450  49   50   49   50   한화테크윈
066570  46   53   48   51   LG전자
007390  47   52   47   52   네이처셀
047810  45   54   47   52   한국항공우주
003520  46   53   48   51   영진약품
005490  44   55   47   52   POSCO

###2017-08-27 00:00:05.243529
code   SU%  SD%  LU% LD%  NAME
000660  47   52   48   51   SK하이닉스
018260  50   49   49   50   삼성SDS
034940  47   52   48   51   조아제약
046890  46   53   50   49   서울반도체
011200  46   53   47   52   현대상선
035420  45   54   48   51   NAVER
168330  52   47   48   51   내츄럴엔도텍
015760  46   53   48   51   한국전력
067160  51   48   47   52   아프리카TV
005930  52   47   49   50   삼성전자
028050  43   56   47   52   삼성엔지니어링
034220  44   55   47   52   LG디스플레이
000270  45   54   47   52   기아차
240810  55   44   51   48   원익IPS
068270  54   45   50   49   셀트리온
025320  44   55   47   52   시노펙스
006120  46   53   48   51   SK케미칼
003670  47   52   49   50   포스코켐텍
051910  49   50   50   49   LG화학
043200  53   46   49   50   파루
073240  44   55   47   52   금호타이어
005380  47   52   48   51   현대차
012450  49   50   49   50   한화테크윈
066570  46   53   48   51   LG전자
007390  47   52   47   52   네이처셀
047810  45   54   47   52   한국항공우주
003520  46   53   48   51   영진약품
005490  44   55   47   52   POSCO

###2017-08-27 06:00:04.626166
code   SU%  SD%  LU% LD%  NAME
000660  47   52   48   51   SK하이닉스
018260  50   49   49   50   삼성SDS
034940  47   52   48   51   조아제약
046890  46   53   50   49   서울반도체
011200  46   53   47   52   현대상선
035420  45   54   48   51   NAVER
168330  52   47   48   51   내츄럴엔도텍
015760  46   53   48   51   한국전력
067160  51   48   47   52   아프리카TV
005930  52   47   49   50   삼성전자
028050  43   56   47   52   삼성엔지니어링
034220  44   55   47   52   LG디스플레이
000270  45   54   47   52   기아차
240810  55   44   51   48   원익IPS
068270  54   45   50   49   셀트리온
025320  44   55   47   52   시노펙스
006120  46   53   48   51   SK케미칼
003670  47   52   49   50   포스코켐텍
051910  49   50   50   49   LG화학
043200  53   46   49   50   파루
073240  44   55   47   52   금호타이어
005380  47   52   48   51   현대차
012450  49   50   49   50   한화테크윈
066570  46   53   48   51   LG전자
007390  47   52   47   52   네이처셀
047810  45   54   47   52   한국항공우주
003520  46   53   48   51   영진약품
005490  44   55   47   52   POSCO

###2017-08-27 12:00:04.635552
code   SU%  SD%  LU% LD%  NAME
000660  47   52   48   51   SK하이닉스
018260  50   49   49   50   삼성SDS
034940  47   52   48   51   조아제약
046890  46   53   50   49   서울반도체
011200  46   53   47   52   현대상선
035420  45   54   48   51   NAVER
168330  52   47   48   51   내츄럴엔도텍
015760  46   53   48   51   한국전력
067160  51   48   47   52   아프리카TV
005930  52   47   49   50   삼성전자
028050  43   56   47   52   삼성엔지니어링
034220  44   55   47   52   LG디스플레이
000270  45   54   47   52   기아차
240810  55   44   51   48   원익IPS
068270  54   45   50   49   셀트리온
025320  44   55   47   52   시노펙스
006120  46   53   48   51   SK케미칼
003670  47   52   49   50   포스코켐텍
051910  49   50   50   49   LG화학
043200  53   46   49   50   파루
073240  44   55   47   52   금호타이어
005380  47   52   48   51   현대차
012450  49   50   49   50   한화테크윈
066570  46   53   48   51   LG전자
007390  47   52   47   52   네이처셀
047810  45   54   47   52   한국항공우주
003520  46   53   48   51   영진약품
005490  44   55   47   52   POSCO

###2017-08-27 18:00:05.158190
code   SU%  SD%  LU% LD%  NAME
000660  47   52   48   51   SK하이닉스
018260  50   49   49   50   삼성SDS
034940  47   52   48   51   조아제약
046890  46   53   50   49   서울반도체
011200  46   53   47   52   현대상선
035420  45   54   48   51   NAVER
168330  52   47   48   51   내츄럴엔도텍
015760  46   53   48   51   한국전력
067160  51   48   47   52   아프리카TV
005930  52   47   49   50   삼성전자
028050  43   56   47   52   삼성엔지니어링
034220  44   55   47   52   LG디스플레이
000270  45   54   47   52   기아차
240810  55   44   51   48   원익IPS
068270  54   45   50   49   셀트리온
025320  44   55   47   52   시노펙스
006120  46   53   48   51   SK케미칼
003670  47   52   49   50   포스코켐텍
051910  49   50   50   49   LG화학
043200  53   46   49   50   파루
073240  44   55   47   52   금호타이어
005380  47   52   48   51   현대차
012450  49   50   49   50   한화테크윈
066570  46   53   48   51   LG전자
007390  47   52   47   52   네이처셀
047810  45   54   47   52   한국항공우주
003520  46   53   48   51   영진약품
005490  44   55   47   52   POSCO

###2017-08-28 00:00:05.029037
code   SU%  SD%  LU% LD%  NAME
000660  47   52   48   51   SK하이닉스
018260  50   49   49   50   삼성SDS
034940  48   51   48   51   조아제약
046890  46   53   50   49   서울반도체
011200  45   54   47   52   현대상선
035420  45   54   47   52   NAVER
168330  51   48   49   50   내츄럴엔도텍
015760  47   52   48   51   한국전력
067160  51   48   47   52   아프리카TV
005930  51   48   49   50   삼성전자
028050  43   56   47   52   삼성엔지니어링
034220  44   55   47   52   LG디스플레이
000270  45   54   47   52   기아차
240810  54   45   51   48   원익IPS
068270  54   45   50   49   셀트리온
025320  44   55   47   52   시노펙스
006120  46   53   48   51   SK케미칼
003670  48   51   49   50   포스코켐텍
051910  49   50   50   49   LG화학
043200  54   45   49   50   파루
073240  44   55   47   52   금호타이어
005380  47   52   48   51   현대차
012450  50   49   49   50   한화테크윈
066570  46   53   48   51   LG전자
007390  47   52   47   52   네이처셀
047810  45   54   47   52   한국항공우주
003520  46   53   48   51   영진약품
005490  44   55   47   52   POSCO

###2017-08-28 06:00:04.414193
code   SU%  SD%  LU% LD%  NAME
000660  47   52   48   51   SK하이닉스
018260  50   49   49   50   삼성SDS
034940  48   51   48   51   조아제약
046890  46   53   50   49   서울반도체
011200  45   54   47   52   현대상선
035420  45   54   47   52   NAVER
168330  51   48   49   50   내츄럴엔도텍
015760  47   52   48   51   한국전력
067160  51   48   47   52   아프리카TV
005930  51   48   49   50   삼성전자
028050  43   56   47   52   삼성엔지니어링
034220  44   55   47   52   LG디스플레이
000270  45   54   47   52   기아차
240810  54   45   51   48   원익IPS
068270  54   45   50   49   셀트리온
025320  44   55   47   52   시노펙스
006120  46   53   48   51   SK케미칼
003670  48   51   49   50   포스코켐텍
051910  49   50   50   49   LG화학
043200  54   45   49   50   파루
073240  44   55   47   52   금호타이어
005380  47   52   48   51   현대차
012450  50   49   49   50   한화테크윈
066570  46   53   48   51   LG전자
007390  47   52   47   52   네이처셀
047810  45   54   47   52   한국항공우주
003520  46   53   48   51   영진약품
005490  44   55   47   52   POSCO

###2017-08-28 12:00:04.652357
code   SU%  SD%  LU% LD%  NAME
000660  48   51   49   50   SK하이닉스
018260  43   56   47   52   삼성SDS
034940  45   54   46   53   조아제약
046890  57   42   50   49   서울반도체
011200  44   55   47   52   현대상선
035420  47   52   47   52   NAVER
168330  55   44   49   50   내츄럴엔도텍
015760  54   45   50   49   한국전력
067160  44   55   46   53   아프리카TV
005930  49   50   49   50   삼성전자
028050  43   56   46   53   삼성엔지니어링
034220  50   49   49   50   LG디스플레이
000270  42   57   48   51   기아차
240810  54   45   50   49   원익IPS
068270  47   52   48   51   셀트리온
025320  42   57   46   53   시노펙스
006120  45   54   47   52   SK케미칼
003670  42   57   47   52   포스코켐텍
051910  42   57   48   51   LG화학
043200  47   52   48   51   파루
073240  42   57   47   52   금호타이어
005380  52   47   48   51   현대차
012450  44   55   47   52   한화테크윈
066570  50   49   49   50   LG전자
007390  44   55   47   52   네이처셀
047810  43   56   46   53   한국항공우주
003520  43   56   47   52   영진약품
005490  49   50   49   50   POSCO

###2017-08-28 18:00:04.750134
code   SU%  SD%  LU% LD%  NAME
000660  48   51   49   50   SK하이닉스
018260  43   56   47   52   삼성SDS
034940  45   54   46   53   조아제약
046890  57   42   50   49   서울반도체
011200  44   55   47   52   현대상선
035420  47   52   47   52   NAVER
168330  45   54   48   51   내츄럴엔도텍
015760  46   53   47   52   한국전력
067160  44   55   46   53   아프리카TV
005930  49   50   49   50   삼성전자
028050  43   56   46   53   삼성엔지니어링
034220  50   49   49   50   LG디스플레이
000270  42   57   48   51   기아차
240810  54   45   50   49   원익IPS
068270  47   52   48   51   셀트리온
025320  42   57   46   53   시노펙스
006120  45   54   47   52   SK케미칼
003670  42   57   47   52   포스코켐텍
051910  42   57   48   51   LG화학
043200  47   52   48   51   파루
073240  42   57   47   52   금호타이어
005380  46   53   48   51   현대차
012450  44   55   47   52   한화테크윈
066570  50   49   49   50   LG전자
007390  49   50   47   52   네이처셀
047810  43   56   46   53   한국항공우주
003520  43   56   47   52   영진약품
005490  45   54   47   52   POSCO

###2017-08-29 00:00:05.185782
code   SU%  SD%  LU% LD%  NAME
000660  48   51   49   50   SK하이닉스
018260  43   56   47   52   삼성SDS
034940  45   54   46   53   조아제약
046890  57   42   50   49   서울반도체
011200  44   55   47   52   현대상선
035420  47   52   47   52   NAVER
168330  45   54   48   51   내츄럴엔도텍
015760  46   53   47   52   한국전력
067160  44   55   46   53   아프리카TV
005930  49   50   49   50   삼성전자
028050  43   56   46   53   삼성엔지니어링
034220  50   49   49   50   LG디스플레이
000270  42   57   48   51   기아차
240810  54   45   50   49   원익IPS
068270  47   52   48   51   셀트리온
025320  42   57   46   53   시노펙스
006120  45   54   47   52   SK케미칼
003670  42   57   47   52   포스코켐텍
051910  42   57   48   51   LG화학
043200  47   52   48   51   파루
073240  42   57   47   52   금호타이어
005380  46   53   48   51   현대차
012450  44   55   47   52   한화테크윈
066570  50   49   49   50   LG전자
007390  49   50   47   52   네이처셀
047810  43   56   46   53   한국항공우주
003520  43   56   47   52   영진약품
005490  45   54   47   52   POSCO

###2017-08-29 06:00:04.540227
code   SU%  SD%  LU% LD%  NAME
000660  48   51   49   50   SK하이닉스
018260  43   56   47   52   삼성SDS
034940  45   54   46   53   조아제약
046890  57   42   50   49   서울반도체
011200  44   55   47   52   현대상선
035420  47   52   47   52   NAVER
168330  45   54   48   51   내츄럴엔도텍
015760  46   53   47   52   한국전력
067160  44   55   46   53   아프리카TV
005930  49   50   49   50   삼성전자
028050  43   56   46   53   삼성엔지니어링
034220  50   49   49   50   LG디스플레이
000270  42   57   48   51   기아차
240810  54   45   50   49   원익IPS
068270  47   52   48   51   셀트리온
025320  42   57   46   53   시노펙스
006120  45   54   47   52   SK케미칼
003670  42   57   47   52   포스코켐텍
051910  42   57   48   51   LG화학
043200  47   52   48   51   파루
073240  42   57   47   52   금호타이어
005380  46   53   48   51   현대차
012450  44   55   47   52   한화테크윈
066570  50   49   49   50   LG전자
007390  49   50   47   52   네이처셀
047810  43   56   46   53   한국항공우주
003520  43   56   47   52   영진약품
005490  45   54   47   52   POSCO

###2017-08-29 12:00:04.925051
code   SU%  SD%  LU% LD%  NAME
000660  54   45   51   48   SK하이닉스
018260  50   49   48   51   삼성SDS
034940  42   57   46   53   조아제약
046890  54   45   49   50   서울반도체
011200  46   53   49   50   현대상선
035420  48   51   48   51   NAVER
168330  42   57   47   52   내츄럴엔도텍
015760  49   50   48   51   한국전력
067160  46   53   47   52   아프리카TV
005930  51   48   49   50   삼성전자
028050  42   57   47   52   삼성엔지니어링
034220  52   47   50   49   LG디스플레이
000270  50   49   49   50   기아차
240810  47   52   48   51   원익IPS
068270  46   53   48   51   셀트리온
025320  44   55   47   52   시노펙스
006120  51   48   48   51   SK케미칼
003670  43   56   47   52   포스코켐텍
051910  52   47   49   50   LG화학
043200  53   46   49   50   파루
073240  46   53   48   51   금호타이어
005380  50   49   49   50   현대차
012450  49   50   49   50   한화테크윈
066570  51   48   49   50   LG전자
007390  48   51   48   51   네이처셀
047810  48   51   48   51   한국항공우주
003520  48   51   48   51   영진약품
005490  44   55   48   51   POSCO

###2017-08-29 18:00:05.239312
code   SU%  SD%  LU% LD%  NAME
000660  54   45   51   48   SK하이닉스
018260  50   49   48   51   삼성SDS
034940  42   57   46   53   조아제약
046890  54   45   49   50   서울반도체
011200  46   53   49   50   현대상선
035420  48   51   48   51   NAVER
168330  42   57   47   52   내츄럴엔도텍
015760  49   50   48   51   한국전력
067160  44   55   47   52   아프리카TV
005930  51   48   49   50   삼성전자
028050  42   57   47   52   삼성엔지니어링
034220  52   47   50   49   LG디스플레이
000270  50   49   49   50   기아차
240810  47   52   48   51   원익IPS
068270  46   53   48   51   셀트리온
025320  44   55   47   52   시노펙스
006120  44   55   47   52   SK케미칼
003670  43   56   47   52   포스코켐텍
051910  52   47   49   50   LG화학
043200  53   46   49   50   파루
073240  46   53   48   51   금호타이어
005380  50   49   49   50   현대차
012450  49   50   49   50   한화테크윈
066570  51   48   49   50   LG전자
007390  46   53   47   52   네이처셀
047810  43   56   47   52   한국항공우주
003520  43   56   47   52   영진약품
005490  44   55   48   51   POSCO

###2017-08-30 00:00:05.307026
code   SU%  SD%  LU% LD%  NAME
000660  54   45   51   48   SK하이닉스
018260  50   49   48   51   삼성SDS
034940  42   57   46   53   조아제약
046890  54   45   49   50   서울반도체
011200  46   53   49   50   현대상선
035420  48   51   48   51   NAVER
168330  42   57   47   52   내츄럴엔도텍
015760  49   50   48   51   한국전력
067160  44   55   47   52   아프리카TV
005930  51   48   49   50   삼성전자
028050  42   57   47   52   삼성엔지니어링
034220  52   47   50   49   LG디스플레이
000270  50   49   49   50   기아차
240810  47   52   48   51   원익IPS
068270  46   53   48   51   셀트리온
025320  44   55   47   52   시노펙스
006120  44   55   47   52   SK케미칼
003670  43   56   47   52   포스코켐텍
051910  52   47   49   50   LG화학
043200  53   46   49   50   파루
073240  46   53   48   51   금호타이어
005380  50   49   49   50   현대차
012450  49   50   49   50   한화테크윈
066570  51   48   49   50   LG전자
007390  46   53   47   52   네이처셀
047810  43   56   47   52   한국항공우주
003520  43   56   47   52   영진약품
005490  44   55   48   51   POSCO

###2017-08-30 06:00:04.691151
code   SU%  SD%  LU% LD%  NAME
000660  54   45   51   48   SK하이닉스
018260  50   49   48   51   삼성SDS
034940  42   57   46   53   조아제약
046890  54   45   49   50   서울반도체
011200  46   53   49   50   현대상선
035420  48   51   48   51   NAVER
168330  42   57   47   52   내츄럴엔도텍
015760  49   50   48   51   한국전력
067160  44   55   47   52   아프리카TV
005930  51   48   49   50   삼성전자
028050  42   57   47   52   삼성엔지니어링
034220  52   47   50   49   LG디스플레이
000270  50   49   49   50   기아차
240810  47   52   48   51   원익IPS
068270  46   53   48   51   셀트리온
025320  44   55   47   52   시노펙스
006120  44   55   47   52   SK케미칼
003670  43   56   47   52   포스코켐텍
051910  52   47   49   50   LG화학
043200  53   46   49   50   파루
073240  46   53   48   51   금호타이어
005380  50   49   49   50   현대차
012450  49   50   49   50   한화테크윈
066570  51   48   49   50   LG전자
007390  46   53   47   52   네이처셀
047810  43   56   47   52   한국항공우주
003520  43   56   47   52   영진약품
005490  44   55   48   51   POSCO

###2017-08-30 12:00:05.229395
code   SU%  SD%  LU% LD%  NAME
000660  45   54   49   50   SK하이닉스
018260  51   48   49   50   삼성SDS
034940  51   48   47   52   조아제약
046890  51   48   49   50   서울반도체
011200  46   53   48   51   현대상선
035420  49   50   48   51   NAVER
168330  44   55   48   51   내츄럴엔도텍
015760  44   55   47   52   한국전력
067160  40   59   47   52   아프리카TV
005930  46   53   48   51   삼성전자
028050  47   52   48   51   삼성엔지니어링
034220  48   51   48   51   LG디스플레이
000270  49   50   48   51   기아차
240810  46   53   48   51   원익IPS
068270  43   56   48   51   셀트리온
025320  42   57   47   52   시노펙스
006120  51   48   49   50   SK케미칼
003670  41   58   47   52   포스코켐텍
051910  46   53   48   51   LG화학
043200  54   45   49   50   파루
073240  53   46   50   49   금호타이어
005380  52   47   50   49   현대차
012450  49   50   48   51   한화테크윈
066570  47   52   48   51   LG전자
007390  49   50   48   51   네이처셀
047810  47   52   48   51   한국항공우주
003520  40   59   46   53   영진약품
005490  52   47   48   51   POSCO

###2017-08-30 18:00:04.829150
code   SU%  SD%  LU% LD%  NAME
000660  45   54   49   50   SK하이닉스
018260  51   48   49   50   삼성SDS
034940  51   48   47   52   조아제약
046890  51   48   49   50   서울반도체
011200  46   53   48   51   현대상선
035420  49   50   48   51   NAVER
168330  50   49   49   50   내츄럴엔도텍
015760  44   55   47   52   한국전력
067160  40   59   47   52   아프리카TV
005930  46   53   48   51   삼성전자
028050  47   52   48   51   삼성엔지니어링
034220  48   51   48   51   LG디스플레이
000270  49   50   48   51   기아차
240810  46   53   48   51   원익IPS
068270  50   49   49   50   셀트리온
025320  42   57   47   52   시노펙스
006120  51   48   49   50   SK케미칼
003670  41   58   47   52   포스코켐텍
051910  46   53   48   51   LG화학
043200  54   45   49   50   파루
073240  45   54   48   51   금호타이어
005380  52   47   50   49   현대차
012450  49   50   48   51   한화테크윈
066570  47   52   48   51   LG전자
007390  49   50   48   51   네이처셀
047810  47   52   48   51   한국항공우주
003520  40   59   46   53   영진약품
005490  52   47   48   51   POSCO

###2017-08-31 00:00:04.667568
code   SU%  SD%  LU% LD%  NAME
000660  45   54   49   50   SK하이닉스
018260  51   48   49   50   삼성SDS
034940  51   48   47   52   조아제약
046890  51   48   49   50   서울반도체
011200  46   53   48   51   현대상선
035420  49   50   48   51   NAVER
168330  50   49   49   50   내츄럴엔도텍
015760  44   55   47   52   한국전력
067160  40   59   47   52   아프리카TV
005930  46   53   48   51   삼성전자
028050  47   52   48   51   삼성엔지니어링
034220  48   51   48   51   LG디스플레이
000270  49   50   48   51   기아차
240810  46   53   48   51   원익IPS
068270  50   49   49   50   셀트리온
025320  42   57   47   52   시노펙스
006120  51   48   49   50   SK케미칼
003670  41   58   47   52   포스코켐텍
051910  46   53   48   51   LG화학
043200  54   45   49   50   파루
073240  45   54   48   51   금호타이어
005380  52   47   50   49   현대차
012450  49   50   48   51   한화테크윈
066570  47   52   48   51   LG전자
007390  49   50   48   51   네이처셀
047810  47   52   48   51   한국항공우주
003520  40   59   46   53   영진약품
005490  52   47   48   51   POSCO

###2017-08-31 06:00:04.604542
code   SU%  SD%  LU% LD%  NAME
000660  45   54   49   50   SK하이닉스
018260  51   48   49   50   삼성SDS
034940  51   48   47   52   조아제약
046890  51   48   49   50   서울반도체
011200  46   53   48   51   현대상선
035420  49   50   48   51   NAVER
168330  50   49   49   50   내츄럴엔도텍
015760  44   55   47   52   한국전력
067160  40   59   47   52   아프리카TV
005930  46   53   48   51   삼성전자
028050  47   52   48   51   삼성엔지니어링
034220  48   51   48   51   LG디스플레이
000270  49   50   48   51   기아차
240810  46   53   48   51   원익IPS
068270  50   49   49   50   셀트리온
025320  42   57   47   52   시노펙스
006120  51   48   49   50   SK케미칼
003670  41   58   47   52   포스코켐텍
051910  46   53   48   51   LG화학
043200  54   45   49   50   파루
073240  45   54   48   51   금호타이어
005380  52   47   50   49   현대차
012450  49   50   48   51   한화테크윈
066570  47   52   48   51   LG전자
007390  49   50   48   51   네이처셀
047810  47   52   48   51   한국항공우주
003520  40   59   46   53   영진약품
005490  52   47   48   51   POSCO

###2017-08-31 12:00:05.369245
code   SU%  SD%  LU% LD%  NAME
000660  46   53   49   50   SK하이닉스
018260  52   47   49   50   삼성SDS
034940  44   55   46   53   조아제약
046890  55   44   49   50   서울반도체
011200  43   56   47   52   현대상선
035420  51   48   49   50   NAVER
168330  48   51   48   51   내츄럴엔도텍
015760  50   49   48   51   한국전력
067160  43   56   48   51   아프리카TV
005930  45   54   48   51   삼성전자
028050  54   45   49   50   삼성엔지니어링
034220  45   54   46   53   LG디스플레이
000270  49   50   48   51   기아차
240810  50   49   49   50   원익IPS
068270  52   47   50   49   셀트리온
025320  43   56   48   51   시노펙스
006120  49   50   49   50   SK케미칼
003670  43   56   48   51   포스코켐텍
051910  52   47   49   50   LG화학
043200  45   54   47   52   파루
073240  50   49   49   50   금호타이어
005380  54   45   50   49   현대차
012450  52   47   49   50   한화테크윈
066570  51   48   49   50   LG전자
007390  49   50   49   50   네이처셀
047810  44   55   47   52   한국항공우주
003520  42   57   47   52   영진약품
005490  45   54   47   52   POSCO

###2017-08-31 18:00:04.598391
code   SU%  SD%  LU% LD%  NAME
000660  46   53   49   50   SK하이닉스
018260  52   47   49   50   삼성SDS
034940  44   55   46   53   조아제약
046890  55   44   49   50   서울반도체
011200  43   56   47   52   현대상선
035420  51   48   49   50   NAVER
168330  42   57   47   52   내츄럴엔도텍
015760  50   49   48   51   한국전력
067160  43   56   48   51   아프리카TV
005930  45   54   48   51   삼성전자
028050  54   45   49   50   삼성엔지니어링
034220  45   54   46   53   LG디스플레이
000270  49   50   48   51   기아차
240810  50   49   49   50   원익IPS
068270  52   47   50   49   셀트리온
025320  43   56   48   51   시노펙스
006120  49   50   49   50   SK케미칼
003670  43   56   48   51   포스코켐텍
051910  52   47   49   50   LG화학
043200  45   54   47   52   파루
073240  50   49   49   50   금호타이어
005380  54   45   50   49   현대차
012450  52   47   49   50   한화테크윈
066570  51   48   49   50   LG전자
007390  49   50   49   50   네이처셀
047810  44   55   47   52   한국항공우주
003520  46   53   48   51   영진약품
005490  45   54   47   52   POSCO

###2017-09-01 00:00:05.346765
code   SU%  SD%  LU% LD%  NAME
000660  46   53   49   50   SK하이닉스
018260  52   47   49   50   삼성SDS
034940  44   55   46   53   조아제약
046890  55   44   49   50   서울반도체
011200  43   56   47   52   현대상선
035420  51   48   49   50   NAVER
168330  42   57   47   52   내츄럴엔도텍
015760  50   49   48   51   한국전력
067160  43   56   48   51   아프리카TV
005930  45   54   48   51   삼성전자
028050  54   45   49   50   삼성엔지니어링
034220  45   54   46   53   LG디스플레이
000270  49   50   48   51   기아차
240810  50   49   49   50   원익IPS
068270  52   47   50   49   셀트리온
025320  43   56   48   51   시노펙스
006120  49   50   49   50   SK케미칼
003670  43   56   48   51   포스코켐텍
051910  52   47   49   50   LG화학
043200  45   54   47   52   파루
073240  50   49   49   50   금호타이어
005380  54   45   50   49   현대차
012450  52   47   49   50   한화테크윈
066570  51   48   49   50   LG전자
007390  49   50   49   50   네이처셀
047810  44   55   47   52   한국항공우주
003520  46   53   48   51   영진약품
005490  45   54   47   52   POSCO

###2017-09-01 06:00:04.424360
code   SU%  SD%  LU% LD%  NAME
000660  46   53   49   50   SK하이닉스
018260  52   47   49   50   삼성SDS
034940  44   55   46   53   조아제약
046890  55   44   49   50   서울반도체
011200  43   56   47   52   현대상선
035420  51   48   49   50   NAVER
168330  42   57   47   52   내츄럴엔도텍
015760  50   49   48   51   한국전력
067160  43   56   48   51   아프리카TV
005930  45   54   48   51   삼성전자
028050  54   45   49   50   삼성엔지니어링
034220  45   54   46   53   LG디스플레이
000270  49   50   48   51   기아차
240810  50   49   49   50   원익IPS
068270  52   47   50   49   셀트리온
025320  43   56   48   51   시노펙스
006120  49   50   49   50   SK케미칼
003670  43   56   48   51   포스코켐텍
051910  52   47   49   50   LG화학
043200  45   54   47   52   파루
073240  50   49   49   50   금호타이어
005380  54   45   50   49   현대차
012450  52   47   49   50   한화테크윈
066570  51   48   49   50   LG전자
007390  49   50   49   50   네이처셀
047810  44   55   47   52   한국항공우주
003520  46   53   48   51   영진약품
005490  45   54   47   52   POSCO

###2017-09-01 12:00:05.047707
code   SU%  SD%  LU% LD%  NAME
000660  51   48   48   51   SK하이닉스
018260  55   44   50   49   삼성SDS
034940  44   55   47   52   조아제약
046890  54   45   50   49   서울반도체
011200  41   58   47   52   현대상선
035420  53   46   50   49   NAVER
168330  41   58   47   52   내츄럴엔도텍
015760  44   55   47   52   한국전력
067160  43   56   49   50   아프리카TV
005930  42   57   47   52   삼성전자
028050  43   56   48   51   삼성엔지니어링
034220  51   48   48   51   LG디스플레이
000270  43   56   47   52   기아차
240810  49   50   48   51   원익IPS
068270  54   45   50   49   셀트리온
025320  51   48   50   49   시노펙스
006120  50   49   49   50   SK케미칼
003670  43   56   49   50   포스코켐텍
051910  50   49   49   50   LG화학
043200  53   46   49   50   파루
073240  44   55   47   52   금호타이어
005380  45   54   48   51   현대차
012450  46   53   48   51   한화테크윈
066570  45   54   47   52   LG전자
007390  53   46   50   49   네이처셀
047810  50   49   49   50   한국항공우주
003520  45   54   48   51   영진약품
005490  46   53   47   52   POSCO

###2017-09-01 18:00:06.295693
code   SU%  SD%  LU% LD%  NAME
000660  44   55   48   51   SK하이닉스
018260  55   44   50   49   삼성SDS
034940  44   55   47   52   조아제약
046890  48   51   47   52   서울반도체
011200  41   58   47   52   현대상선
035420  53   46   50   49   NAVER
168330  41   58   47   52   내츄럴엔도텍
015760  44   55   47   52   한국전력
067160  43   56   49   50   아프리카TV
005930  42   57   47   52   삼성전자
028050  43   56   48   51   삼성엔지니어링
034220  51   48   48   51   LG디스플레이
000270  43   56   47   52   기아차
240810  49   50   48   51   원익IPS
068270  54   45   50   49   셀트리온
025320  51   48   50   49   시노펙스
006120  45   54   47   52   SK케미칼
003670  43   56   49   50   포스코켐텍
051910  50   49   49   50   LG화학
043200  53   46   49   50   파루
073240  44   55   47   52   금호타이어
005380  45   54   48   51   현대차
012450  49   50   49   50   한화테크윈
066570  45   54   47   52   LG전자
007390  53   46   50   49   네이처셀
047810  50   49   49   50   한국항공우주
003520  53   46   50   49   영진약품
005490  44   55   47   52   POSCO

###2017-09-03 00:23:49.706167
code   SU%  SD%  LU% LD%  NAME
000660  43   56   48   51   SK하이닉스
018260  55   44   50   49   삼성SDS
034940  44   55   47   52   조아제약
046890  48   51   47   52   서울반도체
011200  41   58   47   52   현대상선
035420  53   46   50   49   NAVER
168330  41   58   47   52   내츄럴엔도텍
015760  43   56   47   52   한국전력
067160  43   56   48   51   아프리카TV
005930  42   57   47   52   삼성전자
028050  43   56   48   51   삼성엔지니어링
034220  51   48   48   51   LG디스플레이
000270  43   56   47   52   기아차
240810  49   50   48   51   원익IPS
068270  53   46   49   50   셀트리온
025320  50   49   50   49   시노펙스
006120  45   54   47   52   SK케미칼
003670  43   56   48   51   포스코켐텍
051910  51   48   49   50   LG화학
043200  53   46   49   50   파루
073240  44   55   47   52   금호타이어
005380  45   54   48   51   현대차
012450  50   49   49   50   한화테크윈
066570  45   54   47   52   LG전자
007390  53   46   50   49   네이처셀
047810  50   49   49   50   한국항공우주
003520  53   46   50   49   영진약품
005490  44   55   47   52   POSCO

###2017-09-04 14:32:03.622183
code   SU%  SD%  LU% LD%  NAME
000660  51   48   48   51   SK하이닉스
018260  55   44   50   49   삼성SDS
034940  49   50   49   50   조아제약
046890  51   48   48   51   서울반도체
011200  43   56   48   51   현대상선
035420  54   45   50   49   NAVER
168330  49   50   49   50   내츄럴엔도텍
015760  51   48   49   50   한국전력
067160  49   50   50   49   아프리카TV
005930  51   48   48   51   삼성전자
028050  50   49   49   50   삼성엔지니어링

###2017-10-02 23:13:36.859920
code   SU%  SD%  LU% LD%  NAME
000660  49   50   49   50   SK하이닉스
018260  44   55   47   52   삼성SDS
034940  48   51   48   51   조아제약
046890  46   53   48   51   서울반도체
011200  46   53   48   51   현대상선
035420  47   52   48   51   NAVER
168330  54   45   49   50   내츄럴엔도텍
015760  47   52   47   52   한국전력
067160  41   58   47   52   아프리카TV
005930  43   56   48   51   삼성전자
028050  48   51   48   51   삼성엔지니어링
034220  43   56   47   52   LG디스플레이
000270  48   51   48   51   기아차
240810  50   49   49   50   원익IPS
068270  51   48   49   50   셀트리온
025320  53   46   50   49   시노펙스
006120  43   56   46   53   SK케미칼
003670  43   56   47   52   포스코켐텍
051910  43   56   47   52   LG화학
043200  44   55   47   52   파루
073240  44   55   47   52   금호타이어
005380  45   54   47   52   현대차
012450  48   51   48   51   한화테크윈
066570  48   51   48   51   LG전자
007390  45   54   47   52   네이처셀
047810  43   56   47   52   한국항공우주
003520  47   52   48   51   영진약품
005490  45   54   47   52   POSCO

###2017-10-03 06:00:03.295201
code   SU%  SD%  LU% LD%  NAME
000660  49   50   49   50   SK하이닉스
018260  44   55   47   52   삼성SDS
034940  48   51   48   51   조아제약
046890  45   54   48   51   서울반도체
011200  46   53   47   52   현대상선
035420  47   52   48   51   NAVER
168330  54   45   49   50   내츄럴엔도텍
015760  47   52   47   52   한국전력
067160  41   58   46   53   아프리카TV
005930  43   56   48   51   삼성전자
028050  48   51   48   51   삼성엔지니어링
034220  43   56   47   52   LG디스플레이
000270  48   51   48   51   기아차
240810  50   49   49   50   원익IPS
068270  51   48   49   50   셀트리온
025320  53   46   50   49   시노펙스
006120  43   56   46   53   SK케미칼
003670  43   56   47   52   포스코켐텍
051910  44   55   47   52   LG화학
043200  44   55   47   52   파루
073240  44   55   47   52   금호타이어
005380  45   54   47   52   현대차
012450  48   51   48   51   한화테크윈
066570  48   51   48   51   LG전자
007390  45   54   47   52   네이처셀
047810  43   56   47   52   한국항공우주
003520  47   52   48   51   영진약품
005490  45   54   47   52   POSCO

###2017-10-03 12:00:03.466685
code   SU%  SD%  LU% LD%  NAME
000660  49   50   49   50   SK하이닉스
018260  44   55   47   52   삼성SDS
034940  48   51   48   51   조아제약
046890  45   54   48   51   서울반도체
011200  46   53   47   52   현대상선
035420  47   52   48   51   NAVER
168330  54   45   49   50   내츄럴엔도텍
015760  47   52   47   52   한국전력
067160  41   58   46   53   아프리카TV
005930  43   56   48   51   삼성전자
028050  48   51   48   51   삼성엔지니어링
034220  43   56   47   52   LG디스플레이
000270  48   51   48   51   기아차
240810  50   49   49   50   원익IPS
068270  51   48   49   50   셀트리온
025320  53   46   50   49   시노펙스
006120  43   56   46   53   SK케미칼
003670  43   56   47   52   포스코켐텍
051910  44   55   47   52   LG화학
043200  44   55   47   52   파루
073240  44   55   47   52   금호타이어
005380  45   54   47   52   현대차
012450  48   51   48   51   한화테크윈
066570  48   51   48   51   LG전자
007390  45   54   47   52   네이처셀
047810  43   56   47   52   한국항공우주
003520  47   52   48   51   영진약품
005490  45   54   47   52   POSCO

###2017-10-03 18:00:03.436290
code   SU%  SD%  LU% LD%  NAME
000660  49   50   49   50   SK하이닉스
018260  44   55   47   52   삼성SDS
034940  48   51   48   51   조아제약
046890  45   54   48   51   서울반도체
011200  46   53   47   52   현대상선
035420  47   52   48   51   NAVER
168330  54   45   49   50   내츄럴엔도텍
015760  47   52   47   52   한국전력
067160  41   58   46   53   아프리카TV
005930  43   56   48   51   삼성전자
028050  48   51   48   51   삼성엔지니어링
034220  43   56   47   52   LG디스플레이
000270  48   51   48   51   기아차
240810  50   49   49   50   원익IPS
068270  51   48   49   50   셀트리온
025320  53   46   50   49   시노펙스
006120  43   56   46   53   SK케미칼
003670  43   56   47   52   포스코켐텍
051910  44   55   47   52   LG화학
043200  44   55   47   52   파루
073240  44   55   47   52   금호타이어
005380  45   54   47   52   현대차
012450  48   51   48   51   한화테크윈
066570  48   51   48   51   LG전자
007390  45   54   47   52   네이처셀
047810  43   56   47   52   한국항공우주
003520  47   52   48   51   영진약품
005490  45   54   47   52   POSCO

###2017-10-04 00:00:03.896907
code   SU%  SD%  LU% LD%  NAME
000660  49   50   49   50   SK하이닉스
018260  44   55   47   52   삼성SDS
034940  48   51   48   51   조아제약
046890  45   54   48   51   서울반도체
011200  46   53   47   52   현대상선
035420  47   52   48   51   NAVER
168330  54   45   49   50   내츄럴엔도텍
015760  47   52   47   52   한국전력
067160  41   58   46   53   아프리카TV
005930  43   56   48   51   삼성전자
028050  48   51   48   51   삼성엔지니어링
034220  43   56   47   52   LG디스플레이
000270  48   51   48   51   기아차
240810  50   49   49   50   원익IPS
068270  51   48   49   50   셀트리온
025320  53   46   50   49   시노펙스
006120  43   56   46   53   SK케미칼
003670  43   56   47   52   포스코켐텍
051910  44   55   47   52   LG화학
043200  44   55   47   52   파루
073240  44   55   47   52   금호타이어
005380  45   54   47   52   현대차
012450  48   51   48   51   한화테크윈
066570  48   51   48   51   LG전자
007390  45   54   47   52   네이처셀
047810  43   56   47   52   한국항공우주
003520  47   52   48   51   영진약품
005490  45   54   47   52   POSCO

###2017-10-04 06:00:03.918553
code   SU%  SD%  LU% LD%  NAME
000660  49   50   49   50   SK하이닉스
018260  44   55   47   52   삼성SDS
034940  48   51   48   51   조아제약
046890  45   54   48   51   서울반도체
011200  46   53   47   52   현대상선
035420  47   52   48   51   NAVER
168330  54   45   49   50   내츄럴엔도텍
015760  47   52   47   52   한국전력
067160  41   58   46   53   아프리카TV
005930  43   56   48   51   삼성전자
028050  48   51   48   51   삼성엔지니어링
034220  43   56   47   52   LG디스플레이
000270  48   51   48   51   기아차
240810  50   49   49   50   원익IPS
068270  51   48   49   50   셀트리온
025320  53   46   50   49   시노펙스
006120  43   56   46   53   SK케미칼
003670  43   56   47   52   포스코켐텍
051910  44   55   47   52   LG화학
043200  44   55   47   52   파루
073240  44   55   47   52   금호타이어
005380  45   54   47   52   현대차
012450  48   51   48   51   한화테크윈
066570  48   51   48   51   LG전자
007390  45   54   47   52   네이처셀
047810  43   56   47   52   한국항공우주
003520  47   52   48   51   영진약품
005490  45   54   47   52   POSCO

###2017-10-04 12:00:03.534796
code   SU%  SD%  LU% LD%  NAME
000660  49   50   49   50   SK하이닉스
018260  44   55   47   52   삼성SDS
034940  48   51   48   51   조아제약
046890  45   54   48   51   서울반도체
011200  46   53   47   52   현대상선
035420  47   52   48   51   NAVER
168330  54   45   49   50   내츄럴엔도텍
015760  47   52   47   52   한국전력
067160  41   58   46   53   아프리카TV
005930  43   56   48   51   삼성전자
028050  48   51   48   51   삼성엔지니어링
034220  43   56   47   52   LG디스플레이
000270  48   51   48   51   기아차
240810  50   49   49   50   원익IPS
068270  51   48   49   50   셀트리온
025320  53   46   50   49   시노펙스
006120  43   56   46   53   SK케미칼
003670  43   56   47   52   포스코켐텍
051910  44   55   47   52   LG화학
043200  44   55   47   52   파루
073240  44   55   47   52   금호타이어
005380  45   54   47   52   현대차
012450  48   51   48   51   한화테크윈
066570  48   51   48   51   LG전자
007390  45   54   47   52   네이처셀
047810  43   56   47   52   한국항공우주
003520  47   52   48   51   영진약품
005490  45   54   47   52   POSCO

###2017-10-04 18:00:04.006878
code   SU%  SD%  LU% LD%  NAME
000660  49   50   49   50   SK하이닉스
018260  44   55   47   52   삼성SDS
034940  48   51   48   51   조아제약
046890  45   54   48   51   서울반도체
011200  46   53   47   52   현대상선
035420  47   52   48   51   NAVER
168330  54   45   49   50   내츄럴엔도텍
015760  47   52   47   52   한국전력
067160  41   58   46   53   아프리카TV
005930  43   56   48   51   삼성전자
028050  48   51   48   51   삼성엔지니어링
034220  43   56   47   52   LG디스플레이
000270  48   51   48   51   기아차
240810  50   49   49   50   원익IPS
068270  51   48   49   50   셀트리온
025320  53   46   50   49   시노펙스
006120  43   56   46   53   SK케미칼
003670  43   56   47   52   포스코켐텍
051910  44   55   47   52   LG화학
043200  44   55   47   52   파루
073240  44   55   47   52   금호타이어
005380  45   54   47   52   현대차
012450  48   51   48   51   한화테크윈
066570  48   51   48   51   LG전자
007390  45   54   47   52   네이처셀
047810  43   56   47   52   한국항공우주
003520  47   52   48   51   영진약품
005490  45   54   47   52   POSCO

###2017-10-05 00:00:03.814366
code   SU%  SD%  LU% LD%  NAME
000660  49   50   49   50   SK하이닉스
018260  44   55   47   52   삼성SDS
034940  48   51   48   51   조아제약
046890  45   54   48   51   서울반도체
011200  46   53   47   52   현대상선
035420  47   52   48   51   NAVER
168330  54   45   49   50   내츄럴엔도텍
015760  47   52   47   52   한국전력
067160  41   58   46   53   아프리카TV
005930  43   56   48   51   삼성전자
028050  48   51   48   51   삼성엔지니어링
034220  43   56   47   52   LG디스플레이
000270  48   51   48   51   기아차
240810  50   49   49   50   원익IPS
068270  51   48   49   50   셀트리온
025320  53   46   50   49   시노펙스
006120  43   56   46   53   SK케미칼
003670  43   56   47   52   포스코켐텍
051910  44   55   47   52   LG화학
043200  44   55   47   52   파루
073240  44   55   47   52   금호타이어
005380  45   54   47   52   현대차
012450  48   51   48   51   한화테크윈
066570  48   51   48   51   LG전자
007390  45   54   47   52   네이처셀
047810  43   56   47   52   한국항공우주
003520  47   52   48   51   영진약품
005490  45   54   47   52   POSCO

###2017-10-05 06:00:03.967020
code   SU%  SD%  LU% LD%  NAME
000660  49   50   49   50   SK하이닉스
018260  44   55   47   52   삼성SDS
034940  48   51   48   51   조아제약
046890  45   54   48   51   서울반도체
011200  46   53   47   52   현대상선
035420  47   52   48   51   NAVER
168330  54   45   49   50   내츄럴엔도텍
015760  47   52   47   52   한국전력
067160  41   58   46   53   아프리카TV
005930  43   56   48   51   삼성전자
028050  48   51   48   51   삼성엔지니어링
034220  43   56   47   52   LG디스플레이
000270  48   51   48   51   기아차
240810  50   49   49   50   원익IPS
068270  51   48   49   50   셀트리온
025320  53   46   50   49   시노펙스
006120  43   56   46   53   SK케미칼
003670  43   56   47   52   포스코켐텍
051910  44   55   47   52   LG화학
043200  44   55   47   52   파루
073240  44   55   47   52   금호타이어
005380  45   54   47   52   현대차
012450  48   51   48   51   한화테크윈
066570  48   51   48   51   LG전자
007390  45   54   47   52   네이처셀
047810  43   56   47   52   한국항공우주
003520  47   52   48   51   영진약품
005490  45   54   47   52   POSCO

###2017-10-05 12:00:04.010792
code   SU%  SD%  LU% LD%  NAME
000660  49   50   49   50   SK하이닉스
018260  44   55   47   52   삼성SDS
034940  48   51   48   51   조아제약
046890  45   54   48   51   서울반도체
011200  46   53   47   52   현대상선
035420  47   52   48   51   NAVER
168330  54   45   49   50   내츄럴엔도텍
015760  47   52   47   52   한국전력
067160  41   58   46   53   아프리카TV
005930  43   56   48   51   삼성전자
028050  48   51   48   51   삼성엔지니어링
034220  43   56   47   52   LG디스플레이
000270  48   51   48   51   기아차
240810  50   49   49   50   원익IPS
068270  51   48   49   50   셀트리온
025320  53   46   50   49   시노펙스
006120  43   56   46   53   SK케미칼
003670  43   56   47   52   포스코켐텍
051910  44   55   47   52   LG화학
043200  44   55   47   52   파루
073240  44   55   47   52   금호타이어
005380  45   54   47   52   현대차
012450  48   51   48   51   한화테크윈
066570  48   51   48   51   LG전자
007390  45   54   47   52   네이처셀
047810  43   56   47   52   한국항공우주
003520  47   52   48   51   영진약품
005490  45   54   47   52   POSCO

###2017-10-05 18:00:03.689841
code   SU%  SD%  LU% LD%  NAME
000660  49   50   49   50   SK하이닉스
018260  44   55   47   52   삼성SDS
034940  48   51   48   51   조아제약
046890  45   54   48   51   서울반도체
011200  46   53   47   52   현대상선
035420  47   52   48   51   NAVER
168330  54   45   49   50   내츄럴엔도텍
015760  47   52   47   52   한국전력
067160  41   58   46   53   아프리카TV
005930  43   56   48   51   삼성전자
028050  48   51   48   51   삼성엔지니어링
034220  43   56   47   52   LG디스플레이
000270  48   51   48   51   기아차
240810  50   49   49   50   원익IPS
068270  51   48   49   50   셀트리온
025320  53   46   50   49   시노펙스
006120  43   56   46   53   SK케미칼
003670  43   56   47   52   포스코켐텍
051910  44   55   47   52   LG화학
043200  44   55   47   52   파루
073240  44   55   47   52   금호타이어
005380  45   54   47   52   현대차
012450  48   51   48   51   한화테크윈
066570  48   51   48   51   LG전자
007390  45   54   47   52   네이처셀
047810  43   56   47   52   한국항공우주
003520  47   52   48   51   영진약품
005490  45   54   47   52   POSCO

###2017-10-06 00:00:03.356616
code   SU%  SD%  LU% LD%  NAME
000660  49   50   49   50   SK하이닉스
018260  44   55   47   52   삼성SDS
034940  48   51   48   51   조아제약
046890  45   54   48   51   서울반도체
011200  46   53   47   52   현대상선
035420  47   52   48   51   NAVER
168330  54   45   49   50   내츄럴엔도텍
015760  47   52   47   52   한국전력
067160  41   58   46   53   아프리카TV
005930  43   56   48   51   삼성전자
028050  48   51   48   51   삼성엔지니어링
034220  43   56   47   52   LG디스플레이
000270  48   51   48   51   기아차
240810  50   49   49   50   원익IPS
068270  51   48   49   50   셀트리온
025320  53   46   50   49   시노펙스
006120  43   56   46   53   SK케미칼
003670  43   56   47   52   포스코켐텍
051910  44   55   47   52   LG화학
043200  44   55   47   52   파루
073240  44   55   47   52   금호타이어
005380  45   54   47   52   현대차
012450  48   51   48   51   한화테크윈
066570  48   51   48   51   LG전자
007390  45   54   47   52   네이처셀
047810  43   56   47   52   한국항공우주
003520  47   52   48   51   영진약품
005490  45   54   47   52   POSCO

###2017-10-06 06:00:03.513535
code   SU%  SD%  LU% LD%  NAME
000660  49   50   49   50   SK하이닉스
018260  44   55   47   52   삼성SDS
034940  48   51   48   51   조아제약
046890  45   54   48   51   서울반도체
011200  46   53   47   52   현대상선
035420  47   52   48   51   NAVER
168330  54   45   49   50   내츄럴엔도텍
015760  47   52   47   52   한국전력
067160  41   58   46   53   아프리카TV
005930  43   56   48   51   삼성전자
028050  48   51   48   51   삼성엔지니어링
034220  43   56   47   52   LG디스플레이
000270  48   51   48   51   기아차
240810  50   49   49   50   원익IPS
068270  51   48   49   50   셀트리온
025320  53   46   50   49   시노펙스
006120  43   56   46   53   SK케미칼
003670  43   56   47   52   포스코켐텍
051910  44   55   47   52   LG화학
043200  44   55   47   52   파루
073240  44   55   47   52   금호타이어
005380  45   54   47   52   현대차
012450  48   51   48   51   한화테크윈
066570  48   51   48   51   LG전자
007390  45   54   47   52   네이처셀
047810  43   56   47   52   한국항공우주
003520  47   52   48   51   영진약품
005490  45   54   47   52   POSCO

###2017-10-06 12:00:03.678135
code   SU%  SD%  LU% LD%  NAME
000660  49   50   49   50   SK하이닉스
018260  44   55   47   52   삼성SDS
034940  48   51   48   51   조아제약
046890  45   54   48   51   서울반도체
011200  46   53   47   52   현대상선
035420  47   52   48   51   NAVER
168330  54   45   49   50   내츄럴엔도텍
015760  47   52   47   52   한국전력
067160  41   58   46   53   아프리카TV
005930  43   56   48   51   삼성전자
028050  48   51   48   51   삼성엔지니어링
034220  43   56   47   52   LG디스플레이
000270  48   51   48   51   기아차
240810  50   49   49   50   원익IPS
068270  51   48   49   50   셀트리온
025320  53   46   50   49   시노펙스
006120  43   56   46   53   SK케미칼
003670  43   56   47   52   포스코켐텍
051910  44   55   47   52   LG화학
043200  44   55   47   52   파루
073240  44   55   47   52   금호타이어
005380  45   54   47   52   현대차
012450  48   51   48   51   한화테크윈
066570  48   51   48   51   LG전자
007390  45   54   47   52   네이처셀
047810  43   56   47   52   한국항공우주
003520  47   52   48   51   영진약품
005490  45   54   47   52   POSCO

###2017-10-06 18:00:03.632412
code   SU%  SD%  LU% LD%  NAME
000660  49   50   49   50   SK하이닉스
018260  44   55   47   52   삼성SDS
034940  48   51   48   51   조아제약
046890  45   54   48   51   서울반도체
011200  46   53   47   52   현대상선
035420  47   52   48   51   NAVER
168330  54   45   49   50   내츄럴엔도텍
015760  47   52   47   52   한국전력
067160  41   58   46   53   아프리카TV
005930  43   56   48   51   삼성전자
028050  48   51   48   51   삼성엔지니어링
034220  43   56   47   52   LG디스플레이
000270  48   51   48   51   기아차
240810  50   49   49   50   원익IPS
068270  51   48   49   50   셀트리온
025320  53   46   50   49   시노펙스
006120  43   56   46   53   SK케미칼
003670  43   56   47   52   포스코켐텍
051910  44   55   47   52   LG화학
043200  44   55   47   52   파루
073240  44   55   47   52   금호타이어
005380  45   54   47   52   현대차
012450  48   51   48   51   한화테크윈
066570  48   51   48   51   LG전자
007390  45   54   47   52   네이처셀
047810  43   56   47   52   한국항공우주
003520  47   52   48   51   영진약품
005490  45   54   47   52   POSCO

###2017-10-07 00:00:03.448057
code   SU%  SD%  LU% LD%  NAME
000660  49   50   49   50   SK하이닉스
018260  44   55   47   52   삼성SDS
034940  48   51   48   51   조아제약
046890  45   54   48   51   서울반도체
011200  46   53   47   52   현대상선
035420  47   52   48   51   NAVER
168330  54   45   49   50   내츄럴엔도텍
015760  47   52   47   52   한국전력
067160  41   58   46   53   아프리카TV
005930  43   56   48   51   삼성전자
028050  48   51   48   51   삼성엔지니어링
034220  43   56   47   52   LG디스플레이
000270  48   51   48   51   기아차
240810  50   49   49   50   원익IPS
068270  51   48   49   50   셀트리온
025320  53   46   50   49   시노펙스
006120  43   56   46   53   SK케미칼
003670  43   56   47   52   포스코켐텍
051910  44   55   47   52   LG화학
043200  44   55   47   52   파루
073240  44   55   47   52   금호타이어
005380  45   54   47   52   현대차
012450  48   51   48   51   한화테크윈
066570  48   51   48   51   LG전자
007390  45   54   47   52   네이처셀
047810  43   56   47   52   한국항공우주
003520  47   52   48   51   영진약품
005490  45   54   47   52   POSCO
